{"C:\\Users\\rodri\\Desktop\\codeworks\\Senior\\week-2\\boothbooker-app\\server\\src\\index.ts": {"path":"C:\\Users\\rodri\\Desktop\\codeworks\\Senior\\week-2\\boothbooker-app\\server\\src\\index.ts","statementMap":{"0":{"start":{"line":1,"column":0},"end":{"line":1,"column":28}},"1":{"start":{"line":4,"column":0},"end":{"line":4,"column":16}},"2":{"start":{"line":6,"column":0},"end":{"line":6,"column":30}},"3":{"start":{"line":7,"column":0},"end":{"line":7,"column":24}},"4":{"start":{"line":8,"column":0},"end":{"line":8,"column":45}},"5":{"start":{"line":9,"column":0},"end":{"line":9,"column":47}},"6":{"start":{"line":10,"column":0},"end":{"line":10,"column":57}},"7":{"start":{"line":11,"column":0},"end":{"line":11,"column":51}},"8":{"start":{"line":12,"column":0},"end":{"line":12,"column":24}},"9":{"start":{"line":14,"column":12},"end":{"line":14,"column":21}},"10":{"start":{"line":15,"column":13},"end":{"line":15,"column":37}},"11":{"start":{"line":17,"column":23},"end":{"line":17,"column":73}},"12":{"start":{"line":19,"column":38},"end":{"line":30,"column":2}},"13":{"start":{"line":22,"column":4},"end":{"line":22,"column":45}},"14":{"start":{"line":22,"column":17},"end":{"line":22,"column":45}},"15":{"start":{"line":23,"column":4},"end":{"line":27,"column":5}},"16":{"start":{"line":24,"column":6},"end":{"line":24,"column":27}},"17":{"start":{"line":26,"column":6},"end":{"line":26,"column":49}},"18":{"start":{"line":31,"column":0},"end":{"line":31,"column":24}},"19":{"start":{"line":34,"column":0},"end":{"line":34,"column":16}},"20":{"start":{"line":35,"column":0},"end":{"line":38,"column":2}},"21":{"start":{"line":40,"column":0},"end":{"line":40,"column":34}},"22":{"start":{"line":41,"column":0},"end":{"line":41,"column":36}},"23":{"start":{"line":42,"column":0},"end":{"line":42,"column":47}},"24":{"start":{"line":43,"column":0},"end":{"line":43,"column":40}},"25":{"start":{"line":45,"column":0},"end":{"line":47,"column":3}},"26":{"start":{"line":46,"column":2},"end":{"line":46,"column":30}},"27":{"start":{"line":49,"column":0},"end":{"line":51,"column":3}},"28":{"start":{"line":50,"column":2},"end":{"line":50,"column":51}},"29":{"start":{"line":53,"column":0},"end":{"line":53,"column":19}}},"fnMap":{"0":{"name":"(anonymous_1)","decl":{"start":{"line":20,"column":10},"end":{"line":20,"column":11}},"loc":{"start":{"line":20,"column":31},"end":{"line":28,"column":3}}},"1":{"name":"(anonymous_2)","decl":{"start":{"line":45,"column":13},"end":{"line":45,"column":14}},"loc":{"start":{"line":45,"column":26},"end":{"line":47,"column":1}}},"2":{"name":"(anonymous_3)","decl":{"start":{"line":49,"column":17},"end":{"line":49,"column":20}},"loc":{"start":{"line":49,"column":22},"end":{"line":51,"column":1}}}},"branchMap":{"0":{"loc":{"start":{"line":15,"column":13},"end":{"line":15,"column":37}},"type":"binary-expr","locations":[{"start":{"line":15,"column":13},"end":{"line":15,"column":29}},{"start":{"line":15,"column":33},"end":{"line":15,"column":37}}]},"1":{"loc":{"start":{"line":22,"column":4},"end":{"line":22,"column":45}},"type":"if","locations":[{"start":{"line":22,"column":4},"end":{"line":22,"column":45}}]},"2":{"loc":{"start":{"line":23,"column":4},"end":{"line":27,"column":5}},"type":"if","locations":[{"start":{"line":23,"column":4},"end":{"line":27,"column":5}},{"start":{"line":25,"column":11},"end":{"line":27,"column":5}}]}},"s":{"0":2,"1":2,"2":2,"3":2,"4":2,"5":2,"6":2,"7":2,"8":2,"9":2,"10":2,"11":2,"12":2,"13":0,"14":0,"15":0,"16":0,"17":0,"18":2,"19":2,"20":2,"21":2,"22":2,"23":2,"24":2,"25":2,"26":0,"27":2,"28":1,"29":2},"f":{"0":0,"1":0,"2":1},"b":{"0":[2,2],"1":[0],"2":[0,0]}}
,"C:\\Users\\rodri\\Desktop\\codeworks\\Senior\\week-2\\boothbooker-app\\server\\src\\controllers\\eventBoothController.ts": {"path":"C:\\Users\\rodri\\Desktop\\codeworks\\Senior\\week-2\\boothbooker-app\\server\\src\\controllers\\eventBoothController.ts","statementMap":{"0":{"start":{"line":2,"column":0},"end":{"line":2,"column":null}},"1":{"start":{"line":15,"column":42},"end":{"line":33,"column":2}},"2":{"start":{"line":18,"column":4},"end":{"line":33,"column":2}},"3":{"start":{"line":19,"column":62},"end":{"line":19,"column":70}},"4":{"start":{"line":20,"column":2},"end":{"line":32,"column":3}},"5":{"start":{"line":21,"column":18},"end":{"line":27,"column":null}},"6":{"start":{"line":29,"column":4},"end":{"line":29,"column":20}},"7":{"start":{"line":31,"column":4},"end":{"line":31,"column":67}},"8":{"start":{"line":15,"column":13},"end":{"line":15,"column":42}},"9":{"start":{"line":35,"column":43},"end":{"line":45,"column":2}},"10":{"start":{"line":38,"column":4},"end":{"line":45,"column":2}},"11":{"start":{"line":39,"column":2},"end":{"line":44,"column":3}},"12":{"start":{"line":40,"column":19},"end":{"line":40,"column":44}},"13":{"start":{"line":41,"column":4},"end":{"line":41,"column":21}},"14":{"start":{"line":43,"column":4},"end":{"line":43,"column":71}},"15":{"start":{"line":35,"column":13},"end":{"line":35,"column":43}},"16":{"start":{"line":47,"column":43},"end":{"line":62,"column":2}},"17":{"start":{"line":50,"column":4},"end":{"line":62,"column":2}},"18":{"start":{"line":51,"column":17},"end":{"line":51,"column":27}},"19":{"start":{"line":52,"column":2},"end":{"line":61,"column":3}},"20":{"start":{"line":53,"column":18},"end":{"line":53,"column":53}},"21":{"start":{"line":54,"column":4},"end":{"line":58,"column":5}},"22":{"start":{"line":55,"column":6},"end":{"line":55,"column":22}},"23":{"start":{"line":57,"column":6},"end":{"line":57,"column":63}},"24":{"start":{"line":60,"column":4},"end":{"line":60,"column":70}},"25":{"start":{"line":47,"column":13},"end":{"line":47,"column":43}},"26":{"start":{"line":64,"column":49},"end":{"line":75,"column":2}},"27":{"start":{"line":67,"column":4},"end":{"line":75,"column":2}},"28":{"start":{"line":68,"column":22},"end":{"line":68,"column":32}},"29":{"start":{"line":69,"column":2},"end":{"line":74,"column":3}},"30":{"start":{"line":70,"column":19},"end":{"line":70,"column":65}},"31":{"start":{"line":71,"column":4},"end":{"line":71,"column":21}},"32":{"start":{"line":73,"column":4},"end":{"line":73,"column":71}},"33":{"start":{"line":64,"column":13},"end":{"line":64,"column":49}},"34":{"start":{"line":77,"column":48},"end":{"line":88,"column":2}},"35":{"start":{"line":80,"column":4},"end":{"line":88,"column":2}},"36":{"start":{"line":81,"column":21},"end":{"line":81,"column":31}},"37":{"start":{"line":82,"column":2},"end":{"line":87,"column":3}},"38":{"start":{"line":83,"column":19},"end":{"line":83,"column":68}},"39":{"start":{"line":84,"column":4},"end":{"line":84,"column":21}},"40":{"start":{"line":86,"column":4},"end":{"line":86,"column":71}},"41":{"start":{"line":77,"column":13},"end":{"line":77,"column":48}},"42":{"start":{"line":90,"column":51},"end":{"line":101,"column":2}},"43":{"start":{"line":93,"column":4},"end":{"line":101,"column":2}},"44":{"start":{"line":94,"column":26},"end":{"line":94,"column":36}},"45":{"start":{"line":95,"column":2},"end":{"line":100,"column":3}},"46":{"start":{"line":96,"column":19},"end":{"line":96,"column":71}},"47":{"start":{"line":97,"column":4},"end":{"line":97,"column":21}},"48":{"start":{"line":99,"column":4},"end":{"line":99,"column":71}},"49":{"start":{"line":90,"column":13},"end":{"line":90,"column":51}},"50":{"start":{"line":103,"column":42},"end":{"line":119,"column":2}},"51":{"start":{"line":106,"column":4},"end":{"line":119,"column":2}},"52":{"start":{"line":107,"column":17},"end":{"line":107,"column":27}},"53":{"start":{"line":108,"column":36},"end":{"line":108,"column":44}},"54":{"start":{"line":109,"column":2},"end":{"line":118,"column":3}},"55":{"start":{"line":110,"column":18},"end":{"line":110,"column":58}},"56":{"start":{"line":111,"column":4},"end":{"line":115,"column":5}},"57":{"start":{"line":112,"column":6},"end":{"line":112,"column":22}},"58":{"start":{"line":114,"column":6},"end":{"line":114,"column":63}},"59":{"start":{"line":117,"column":4},"end":{"line":117,"column":68}},"60":{"start":{"line":103,"column":13},"end":{"line":103,"column":42}},"61":{"start":{"line":121,"column":51},"end":{"line":145,"column":2}},"62":{"start":{"line":124,"column":4},"end":{"line":145,"column":2}},"63":{"start":{"line":125,"column":17},"end":{"line":125,"column":27}},"64":{"start":{"line":126,"column":26},"end":{"line":126,"column":34}},"65":{"start":{"line":128,"column":2},"end":{"line":130,"column":3}},"66":{"start":{"line":129,"column":4},"end":{"line":129,"column":71}},"67":{"start":{"line":132,"column":2},"end":{"line":144,"column":3}},"68":{"start":{"line":133,"column":18},"end":{"line":135,"column":null}},"69":{"start":{"line":137,"column":4},"end":{"line":141,"column":5}},"70":{"start":{"line":138,"column":6},"end":{"line":138,"column":22}},"71":{"start":{"line":140,"column":6},"end":{"line":140,"column":63}},"72":{"start":{"line":143,"column":4},"end":{"line":143,"column":68}},"73":{"start":{"line":121,"column":13},"end":{"line":121,"column":51}},"74":{"start":{"line":147,"column":42},"end":{"line":162,"column":2}},"75":{"start":{"line":150,"column":4},"end":{"line":162,"column":2}},"76":{"start":{"line":151,"column":17},"end":{"line":151,"column":27}},"77":{"start":{"line":152,"column":2},"end":{"line":161,"column":3}},"78":{"start":{"line":153,"column":18},"end":{"line":153,"column":52}},"79":{"start":{"line":154,"column":4},"end":{"line":158,"column":5}},"80":{"start":{"line":155,"column":6},"end":{"line":155,"column":22}},"81":{"start":{"line":157,"column":6},"end":{"line":157,"column":63}},"82":{"start":{"line":160,"column":4},"end":{"line":160,"column":68}},"83":{"start":{"line":147,"column":13},"end":{"line":147,"column":42}}},"fnMap":{"0":{"name":"(anonymous_7)","decl":{"start":{"line":15,"column":42},"end":{"line":15,"column":null}},"loc":{"start":{"line":18,"column":4},"end":{"line":33,"column":2}}},"1":{"name":"(anonymous_8)","decl":{"start":{"line":18,"column":4},"end":{"line":18,"column":null}},"loc":{"start":{"line":18,"column":4},"end":{"line":33,"column":1}}},"2":{"name":"(anonymous_9)","decl":{"start":{"line":35,"column":43},"end":{"line":35,"column":null}},"loc":{"start":{"line":38,"column":4},"end":{"line":45,"column":2}}},"3":{"name":"(anonymous_10)","decl":{"start":{"line":38,"column":4},"end":{"line":38,"column":null}},"loc":{"start":{"line":38,"column":4},"end":{"line":45,"column":1}}},"4":{"name":"(anonymous_11)","decl":{"start":{"line":47,"column":43},"end":{"line":47,"column":null}},"loc":{"start":{"line":50,"column":4},"end":{"line":62,"column":2}}},"5":{"name":"(anonymous_12)","decl":{"start":{"line":50,"column":4},"end":{"line":50,"column":null}},"loc":{"start":{"line":50,"column":4},"end":{"line":62,"column":1}}},"6":{"name":"(anonymous_13)","decl":{"start":{"line":64,"column":49},"end":{"line":64,"column":null}},"loc":{"start":{"line":67,"column":4},"end":{"line":75,"column":2}}},"7":{"name":"(anonymous_14)","decl":{"start":{"line":67,"column":4},"end":{"line":67,"column":null}},"loc":{"start":{"line":67,"column":4},"end":{"line":75,"column":1}}},"8":{"name":"(anonymous_15)","decl":{"start":{"line":77,"column":48},"end":{"line":77,"column":null}},"loc":{"start":{"line":80,"column":4},"end":{"line":88,"column":2}}},"9":{"name":"(anonymous_16)","decl":{"start":{"line":80,"column":4},"end":{"line":80,"column":null}},"loc":{"start":{"line":80,"column":4},"end":{"line":88,"column":1}}},"10":{"name":"(anonymous_17)","decl":{"start":{"line":90,"column":51},"end":{"line":90,"column":null}},"loc":{"start":{"line":93,"column":4},"end":{"line":101,"column":2}}},"11":{"name":"(anonymous_18)","decl":{"start":{"line":93,"column":4},"end":{"line":93,"column":null}},"loc":{"start":{"line":93,"column":4},"end":{"line":101,"column":1}}},"12":{"name":"(anonymous_19)","decl":{"start":{"line":103,"column":42},"end":{"line":103,"column":null}},"loc":{"start":{"line":106,"column":4},"end":{"line":119,"column":2}}},"13":{"name":"(anonymous_20)","decl":{"start":{"line":106,"column":4},"end":{"line":106,"column":null}},"loc":{"start":{"line":106,"column":4},"end":{"line":119,"column":1}}},"14":{"name":"(anonymous_21)","decl":{"start":{"line":121,"column":51},"end":{"line":121,"column":null}},"loc":{"start":{"line":124,"column":4},"end":{"line":145,"column":2}}},"15":{"name":"(anonymous_22)","decl":{"start":{"line":124,"column":4},"end":{"line":124,"column":null}},"loc":{"start":{"line":124,"column":4},"end":{"line":145,"column":1}}},"16":{"name":"(anonymous_23)","decl":{"start":{"line":147,"column":42},"end":{"line":147,"column":null}},"loc":{"start":{"line":150,"column":4},"end":{"line":162,"column":2}}},"17":{"name":"(anonymous_24)","decl":{"start":{"line":150,"column":4},"end":{"line":150,"column":null}},"loc":{"start":{"line":150,"column":4},"end":{"line":162,"column":1}}}},"branchMap":{"0":{"loc":{"start":{"line":54,"column":4},"end":{"line":58,"column":5}},"type":"if","locations":[{"start":{"line":54,"column":4},"end":{"line":58,"column":5}},{"start":{"line":56,"column":11},"end":{"line":58,"column":5}}]},"1":{"loc":{"start":{"line":111,"column":4},"end":{"line":115,"column":5}},"type":"if","locations":[{"start":{"line":111,"column":4},"end":{"line":115,"column":5}},{"start":{"line":113,"column":11},"end":{"line":115,"column":5}}]},"2":{"loc":{"start":{"line":128,"column":2},"end":{"line":130,"column":3}},"type":"if","locations":[{"start":{"line":128,"column":2},"end":{"line":130,"column":3}}]},"3":{"loc":{"start":{"line":137,"column":4},"end":{"line":141,"column":5}},"type":"if","locations":[{"start":{"line":137,"column":4},"end":{"line":141,"column":5}},{"start":{"line":139,"column":11},"end":{"line":141,"column":5}}]},"4":{"loc":{"start":{"line":154,"column":4},"end":{"line":158,"column":5}},"type":"if","locations":[{"start":{"line":154,"column":4},"end":{"line":158,"column":5}},{"start":{"line":156,"column":11},"end":{"line":158,"column":5}}]}},"s":{"0":3,"1":3,"2":1,"3":1,"4":1,"5":1,"6":1,"7":0,"8":3,"9":3,"10":1,"11":1,"12":1,"13":1,"14":0,"15":3,"16":3,"17":1,"18":1,"19":1,"20":1,"21":1,"22":1,"23":0,"24":0,"25":3,"26":3,"27":1,"28":1,"29":1,"30":1,"31":1,"32":0,"33":3,"34":3,"35":1,"36":1,"37":1,"38":1,"39":1,"40":0,"41":3,"42":3,"43":1,"44":1,"45":1,"46":1,"47":1,"48":0,"49":3,"50":3,"51":1,"52":1,"53":1,"54":1,"55":1,"56":1,"57":1,"58":0,"59":0,"60":3,"61":3,"62":1,"63":1,"64":1,"65":1,"66":0,"67":1,"68":1,"69":1,"70":1,"71":0,"72":0,"73":3,"74":3,"75":1,"76":1,"77":1,"78":1,"79":1,"80":1,"81":0,"82":0,"83":3},"f":{"0":1,"1":1,"2":1,"3":1,"4":1,"5":1,"6":1,"7":1,"8":1,"9":1,"10":1,"11":1,"12":1,"13":1,"14":1,"15":1,"16":1,"17":1},"b":{"0":[1,0],"1":[1,0],"2":[0],"3":[1,0],"4":[1,0]}}
,"C:\\Users\\rodri\\Desktop\\codeworks\\Senior\\week-2\\boothbooker-app\\server\\src\\controllers\\eventController.ts": {"path":"C:\\Users\\rodri\\Desktop\\codeworks\\Senior\\week-2\\boothbooker-app\\server\\src\\controllers\\eventController.ts","statementMap":{"0":{"start":{"line":2,"column":0},"end":{"line":2,"column":null}},"1":{"start":{"line":13,"column":37},"end":{"line":31,"column":2}},"2":{"start":{"line":13,"column":75},"end":{"line":31,"column":2}},"3":{"start":{"line":14,"column":64},"end":{"line":14,"column":72}},"4":{"start":{"line":15,"column":19},"end":{"line":15,"column":73}},"5":{"start":{"line":17,"column":2},"end":{"line":30,"column":3}},"6":{"start":{"line":18,"column":18},"end":{"line":25,"column":null}},"7":{"start":{"line":27,"column":4},"end":{"line":27,"column":20}},"8":{"start":{"line":29,"column":4},"end":{"line":29,"column":61}},"9":{"start":{"line":13,"column":13},"end":{"line":13,"column":37}},"10":{"start":{"line":33,"column":38},"end":{"line":40,"column":2}},"11":{"start":{"line":33,"column":76},"end":{"line":40,"column":2}},"12":{"start":{"line":34,"column":2},"end":{"line":39,"column":3}},"13":{"start":{"line":35,"column":19},"end":{"line":35,"column":39}},"14":{"start":{"line":36,"column":4},"end":{"line":36,"column":21}},"15":{"start":{"line":38,"column":4},"end":{"line":38,"column":65}},"16":{"start":{"line":33,"column":13},"end":{"line":33,"column":38}},"17":{"start":{"line":42,"column":38},"end":{"line":54,"column":2}},"18":{"start":{"line":42,"column":76},"end":{"line":54,"column":2}},"19":{"start":{"line":43,"column":17},"end":{"line":43,"column":27}},"20":{"start":{"line":44,"column":2},"end":{"line":53,"column":3}},"21":{"start":{"line":45,"column":18},"end":{"line":45,"column":48}},"22":{"start":{"line":46,"column":4},"end":{"line":50,"column":5}},"23":{"start":{"line":47,"column":6},"end":{"line":47,"column":22}},"24":{"start":{"line":49,"column":6},"end":{"line":49,"column":57}},"25":{"start":{"line":52,"column":4},"end":{"line":52,"column":64}},"26":{"start":{"line":42,"column":13},"end":{"line":42,"column":38}},"27":{"start":{"line":56,"column":44},"end":{"line":67,"column":2}},"28":{"start":{"line":59,"column":4},"end":{"line":67,"column":2}},"29":{"start":{"line":60,"column":24},"end":{"line":60,"column":34}},"30":{"start":{"line":61,"column":2},"end":{"line":66,"column":3}},"31":{"start":{"line":62,"column":19},"end":{"line":62,"column":62}},"32":{"start":{"line":63,"column":4},"end":{"line":63,"column":21}},"33":{"start":{"line":65,"column":4},"end":{"line":65,"column":65}},"34":{"start":{"line":56,"column":13},"end":{"line":56,"column":44}},"35":{"start":{"line":69,"column":42},"end":{"line":80,"column":2}},"36":{"start":{"line":72,"column":4},"end":{"line":80,"column":2}},"37":{"start":{"line":73,"column":21},"end":{"line":73,"column":31}},"38":{"start":{"line":74,"column":2},"end":{"line":79,"column":3}},"39":{"start":{"line":75,"column":19},"end":{"line":75,"column":57}},"40":{"start":{"line":76,"column":4},"end":{"line":76,"column":33}},"41":{"start":{"line":78,"column":4},"end":{"line":78,"column":65}},"42":{"start":{"line":69,"column":13},"end":{"line":69,"column":42}},"43":{"start":{"line":82,"column":37},"end":{"line":95,"column":2}},"44":{"start":{"line":82,"column":75},"end":{"line":95,"column":2}},"45":{"start":{"line":83,"column":17},"end":{"line":83,"column":27}},"46":{"start":{"line":84,"column":31},"end":{"line":84,"column":39}},"47":{"start":{"line":85,"column":2},"end":{"line":94,"column":3}},"48":{"start":{"line":86,"column":18},"end":{"line":86,"column":53}},"49":{"start":{"line":87,"column":4},"end":{"line":91,"column":5}},"50":{"start":{"line":88,"column":6},"end":{"line":88,"column":22}},"51":{"start":{"line":90,"column":6},"end":{"line":90,"column":57}},"52":{"start":{"line":93,"column":4},"end":{"line":93,"column":62}},"53":{"start":{"line":82,"column":13},"end":{"line":82,"column":37}},"54":{"start":{"line":97,"column":37},"end":{"line":109,"column":2}},"55":{"start":{"line":97,"column":75},"end":{"line":109,"column":2}},"56":{"start":{"line":98,"column":17},"end":{"line":98,"column":27}},"57":{"start":{"line":99,"column":2},"end":{"line":108,"column":3}},"58":{"start":{"line":100,"column":18},"end":{"line":100,"column":47}},"59":{"start":{"line":101,"column":4},"end":{"line":105,"column":5}},"60":{"start":{"line":102,"column":6},"end":{"line":102,"column":22}},"61":{"start":{"line":104,"column":6},"end":{"line":104,"column":57}},"62":{"start":{"line":107,"column":4},"end":{"line":107,"column":62}},"63":{"start":{"line":97,"column":13},"end":{"line":97,"column":37}}},"fnMap":{"0":{"name":"(anonymous_7)","decl":{"start":{"line":13,"column":37},"end":{"line":13,"column":44}},"loc":{"start":{"line":13,"column":75},"end":{"line":31,"column":2}}},"1":{"name":"(anonymous_8)","decl":{"start":{"line":13,"column":75},"end":{"line":13,"column":null}},"loc":{"start":{"line":13,"column":75},"end":{"line":31,"column":1}}},"2":{"name":"(anonymous_9)","decl":{"start":{"line":33,"column":38},"end":{"line":33,"column":45}},"loc":{"start":{"line":33,"column":76},"end":{"line":40,"column":2}}},"3":{"name":"(anonymous_10)","decl":{"start":{"line":33,"column":76},"end":{"line":33,"column":null}},"loc":{"start":{"line":33,"column":76},"end":{"line":40,"column":1}}},"4":{"name":"(anonymous_11)","decl":{"start":{"line":42,"column":38},"end":{"line":42,"column":45}},"loc":{"start":{"line":42,"column":76},"end":{"line":54,"column":2}}},"5":{"name":"(anonymous_12)","decl":{"start":{"line":42,"column":76},"end":{"line":42,"column":null}},"loc":{"start":{"line":42,"column":76},"end":{"line":54,"column":1}}},"6":{"name":"(anonymous_13)","decl":{"start":{"line":56,"column":44},"end":{"line":56,"column":null}},"loc":{"start":{"line":59,"column":4},"end":{"line":67,"column":2}}},"7":{"name":"(anonymous_14)","decl":{"start":{"line":59,"column":4},"end":{"line":59,"column":null}},"loc":{"start":{"line":59,"column":4},"end":{"line":67,"column":1}}},"8":{"name":"(anonymous_15)","decl":{"start":{"line":69,"column":42},"end":{"line":69,"column":null}},"loc":{"start":{"line":72,"column":4},"end":{"line":80,"column":2}}},"9":{"name":"(anonymous_16)","decl":{"start":{"line":72,"column":4},"end":{"line":72,"column":null}},"loc":{"start":{"line":72,"column":4},"end":{"line":80,"column":1}}},"10":{"name":"(anonymous_17)","decl":{"start":{"line":82,"column":37},"end":{"line":82,"column":44}},"loc":{"start":{"line":82,"column":75},"end":{"line":95,"column":2}}},"11":{"name":"(anonymous_18)","decl":{"start":{"line":82,"column":75},"end":{"line":82,"column":null}},"loc":{"start":{"line":82,"column":75},"end":{"line":95,"column":1}}},"12":{"name":"(anonymous_19)","decl":{"start":{"line":97,"column":37},"end":{"line":97,"column":44}},"loc":{"start":{"line":97,"column":75},"end":{"line":109,"column":2}}},"13":{"name":"(anonymous_20)","decl":{"start":{"line":97,"column":75},"end":{"line":97,"column":null}},"loc":{"start":{"line":97,"column":75},"end":{"line":109,"column":1}}}},"branchMap":{"0":{"loc":{"start":{"line":15,"column":19},"end":{"line":15,"column":73}},"type":"cond-expr","locations":[{"start":{"line":15,"column":30},"end":{"line":15,"column":68}},{"start":{"line":15,"column":71},"end":{"line":15,"column":73}}]},"1":{"loc":{"start":{"line":46,"column":4},"end":{"line":50,"column":5}},"type":"if","locations":[{"start":{"line":46,"column":4},"end":{"line":50,"column":5}},{"start":{"line":48,"column":11},"end":{"line":50,"column":5}}]},"2":{"loc":{"start":{"line":87,"column":4},"end":{"line":91,"column":5}},"type":"if","locations":[{"start":{"line":87,"column":4},"end":{"line":91,"column":5}},{"start":{"line":89,"column":11},"end":{"line":91,"column":5}}]},"3":{"loc":{"start":{"line":101,"column":4},"end":{"line":105,"column":5}},"type":"if","locations":[{"start":{"line":101,"column":4},"end":{"line":105,"column":5}},{"start":{"line":103,"column":11},"end":{"line":105,"column":5}}]}},"s":{"0":2,"1":2,"2":0,"3":0,"4":0,"5":0,"6":0,"7":0,"8":0,"9":2,"10":2,"11":1,"12":1,"13":1,"14":1,"15":0,"16":2,"17":2,"18":1,"19":1,"20":1,"21":1,"22":1,"23":1,"24":0,"25":0,"26":2,"27":2,"28":1,"29":1,"30":1,"31":1,"32":1,"33":0,"34":2,"35":2,"36":1,"37":1,"38":1,"39":1,"40":1,"41":0,"42":2,"43":2,"44":1,"45":1,"46":1,"47":1,"48":1,"49":1,"50":1,"51":0,"52":0,"53":2,"54":2,"55":1,"56":1,"57":1,"58":1,"59":0,"60":0,"61":0,"62":1,"63":2},"f":{"0":0,"1":0,"2":1,"3":1,"4":1,"5":1,"6":1,"7":1,"8":1,"9":1,"10":1,"11":1,"12":1,"13":1},"b":{"0":[0,0],"1":[1,0],"2":[1,0],"3":[0,0]}}
,"C:\\Users\\rodri\\Desktop\\codeworks\\Senior\\week-2\\boothbooker-app\\server\\src\\controllers\\requestController.ts": {"path":"C:\\Users\\rodri\\Desktop\\codeworks\\Senior\\week-2\\boothbooker-app\\server\\src\\controllers\\requestController.ts","statementMap":{"0":{"start":{"line":2,"column":0},"end":{"line":2,"column":null}},"1":{"start":{"line":15,"column":39},"end":{"line":23,"column":2}},"2":{"start":{"line":15,"column":77},"end":{"line":23,"column":2}},"3":{"start":{"line":16,"column":48},"end":{"line":16,"column":56}},"4":{"start":{"line":17,"column":2},"end":{"line":22,"column":3}},"5":{"start":{"line":18,"column":20},"end":{"line":18,"column":74}},"6":{"start":{"line":19,"column":4},"end":{"line":19,"column":22}},"7":{"start":{"line":21,"column":4},"end":{"line":21,"column":63}},"8":{"start":{"line":15,"column":13},"end":{"line":15,"column":39}},"9":{"start":{"line":25,"column":40},"end":{"line":32,"column":2}},"10":{"start":{"line":25,"column":78},"end":{"line":32,"column":2}},"11":{"start":{"line":26,"column":2},"end":{"line":31,"column":3}},"12":{"start":{"line":27,"column":21},"end":{"line":27,"column":43}},"13":{"start":{"line":28,"column":4},"end":{"line":28,"column":23}},"14":{"start":{"line":30,"column":4},"end":{"line":30,"column":67}},"15":{"start":{"line":25,"column":13},"end":{"line":25,"column":40}},"16":{"start":{"line":34,"column":40},"end":{"line":46,"column":2}},"17":{"start":{"line":34,"column":78},"end":{"line":46,"column":2}},"18":{"start":{"line":35,"column":17},"end":{"line":35,"column":27}},"19":{"start":{"line":36,"column":2},"end":{"line":45,"column":3}},"20":{"start":{"line":37,"column":20},"end":{"line":37,"column":52}},"21":{"start":{"line":38,"column":4},"end":{"line":42,"column":5}},"22":{"start":{"line":39,"column":6},"end":{"line":39,"column":24}},"23":{"start":{"line":41,"column":6},"end":{"line":41,"column":59}},"24":{"start":{"line":44,"column":4},"end":{"line":44,"column":66}},"25":{"start":{"line":34,"column":13},"end":{"line":34,"column":40}},"26":{"start":{"line":48,"column":51},"end":{"line":59,"column":2}},"27":{"start":{"line":51,"column":4},"end":{"line":59,"column":2}},"28":{"start":{"line":52,"column":27},"end":{"line":52,"column":37}},"29":{"start":{"line":53,"column":2},"end":{"line":58,"column":3}},"30":{"start":{"line":54,"column":21},"end":{"line":54,"column":74}},"31":{"start":{"line":55,"column":4},"end":{"line":55,"column":23}},"32":{"start":{"line":57,"column":4},"end":{"line":57,"column":67}},"33":{"start":{"line":48,"column":13},"end":{"line":48,"column":51}},"34":{"start":{"line":61,"column":50},"end":{"line":72,"column":2}},"35":{"start":{"line":64,"column":4},"end":{"line":72,"column":2}},"36":{"start":{"line":65,"column":26},"end":{"line":65,"column":36}},"37":{"start":{"line":66,"column":2},"end":{"line":71,"column":3}},"38":{"start":{"line":67,"column":21},"end":{"line":67,"column":72}},"39":{"start":{"line":68,"column":4},"end":{"line":68,"column":23}},"40":{"start":{"line":70,"column":4},"end":{"line":70,"column":67}},"41":{"start":{"line":61,"column":13},"end":{"line":61,"column":50}},"42":{"start":{"line":74,"column":59},"end":{"line":85,"column":2}},"43":{"start":{"line":77,"column":4},"end":{"line":85,"column":2}},"44":{"start":{"line":78,"column":17},"end":{"line":78,"column":27}},"45":{"start":{"line":79,"column":2},"end":{"line":84,"column":3}},"46":{"start":{"line":80,"column":21},"end":{"line":80,"column":72}},"47":{"start":{"line":81,"column":4},"end":{"line":81,"column":35}},"48":{"start":{"line":83,"column":4},"end":{"line":83,"column":67}},"49":{"start":{"line":74,"column":13},"end":{"line":74,"column":59}},"50":{"start":{"line":87,"column":39},"end":{"line":100,"column":2}},"51":{"start":{"line":87,"column":77},"end":{"line":100,"column":2}},"52":{"start":{"line":88,"column":17},"end":{"line":88,"column":27}},"53":{"start":{"line":89,"column":15},"end":{"line":89,"column":23}},"54":{"start":{"line":90,"column":2},"end":{"line":99,"column":3}},"55":{"start":{"line":91,"column":20},"end":{"line":91,"column":57}},"56":{"start":{"line":92,"column":4},"end":{"line":96,"column":5}},"57":{"start":{"line":93,"column":6},"end":{"line":93,"column":24}},"58":{"start":{"line":95,"column":6},"end":{"line":95,"column":59}},"59":{"start":{"line":98,"column":4},"end":{"line":98,"column":64}},"60":{"start":{"line":87,"column":13},"end":{"line":87,"column":39}},"61":{"start":{"line":102,"column":39},"end":{"line":114,"column":2}},"62":{"start":{"line":102,"column":77},"end":{"line":114,"column":2}},"63":{"start":{"line":103,"column":17},"end":{"line":103,"column":27}},"64":{"start":{"line":104,"column":2},"end":{"line":113,"column":3}},"65":{"start":{"line":105,"column":20},"end":{"line":105,"column":67}},"66":{"start":{"line":106,"column":4},"end":{"line":110,"column":5}},"67":{"start":{"line":107,"column":6},"end":{"line":107,"column":24}},"68":{"start":{"line":109,"column":6},"end":{"line":109,"column":59}},"69":{"start":{"line":112,"column":4},"end":{"line":112,"column":64}},"70":{"start":{"line":102,"column":13},"end":{"line":102,"column":39}},"71":{"start":{"line":116,"column":40},"end":{"line":125,"column":2}},"72":{"start":{"line":116,"column":78},"end":{"line":125,"column":2}},"73":{"start":{"line":117,"column":2},"end":{"line":124,"column":3}},"74":{"start":{"line":118,"column":22},"end":{"line":118,"column":49}},"75":{"start":{"line":119,"column":4},"end":{"line":119,"column":42}},"76":{"start":{"line":120,"column":20},"end":{"line":120,"column":51}},"77":{"start":{"line":121,"column":4},"end":{"line":121,"column":34}},"78":{"start":{"line":123,"column":4},"end":{"line":123,"column":57}},"79":{"start":{"line":116,"column":13},"end":{"line":116,"column":40}},"80":{"start":{"line":127,"column":39},"end":{"line":139,"column":2}},"81":{"start":{"line":127,"column":77},"end":{"line":139,"column":2}},"82":{"start":{"line":128,"column":17},"end":{"line":128,"column":27}},"83":{"start":{"line":129,"column":2},"end":{"line":138,"column":3}},"84":{"start":{"line":130,"column":20},"end":{"line":130,"column":51}},"85":{"start":{"line":131,"column":4},"end":{"line":135,"column":5}},"86":{"start":{"line":132,"column":6},"end":{"line":132,"column":24}},"87":{"start":{"line":134,"column":6},"end":{"line":134,"column":59}},"88":{"start":{"line":137,"column":4},"end":{"line":137,"column":64}},"89":{"start":{"line":127,"column":13},"end":{"line":127,"column":39}}},"fnMap":{"0":{"name":"(anonymous_7)","decl":{"start":{"line":15,"column":39},"end":{"line":15,"column":46}},"loc":{"start":{"line":15,"column":77},"end":{"line":23,"column":2}}},"1":{"name":"(anonymous_8)","decl":{"start":{"line":15,"column":77},"end":{"line":15,"column":null}},"loc":{"start":{"line":15,"column":77},"end":{"line":23,"column":1}}},"2":{"name":"(anonymous_9)","decl":{"start":{"line":25,"column":40},"end":{"line":25,"column":47}},"loc":{"start":{"line":25,"column":78},"end":{"line":32,"column":2}}},"3":{"name":"(anonymous_10)","decl":{"start":{"line":25,"column":78},"end":{"line":25,"column":null}},"loc":{"start":{"line":25,"column":78},"end":{"line":32,"column":1}}},"4":{"name":"(anonymous_11)","decl":{"start":{"line":34,"column":40},"end":{"line":34,"column":47}},"loc":{"start":{"line":34,"column":78},"end":{"line":46,"column":2}}},"5":{"name":"(anonymous_12)","decl":{"start":{"line":34,"column":78},"end":{"line":34,"column":null}},"loc":{"start":{"line":34,"column":78},"end":{"line":46,"column":1}}},"6":{"name":"(anonymous_13)","decl":{"start":{"line":48,"column":51},"end":{"line":48,"column":null}},"loc":{"start":{"line":51,"column":4},"end":{"line":59,"column":2}}},"7":{"name":"(anonymous_14)","decl":{"start":{"line":51,"column":4},"end":{"line":51,"column":null}},"loc":{"start":{"line":51,"column":4},"end":{"line":59,"column":1}}},"8":{"name":"(anonymous_15)","decl":{"start":{"line":61,"column":50},"end":{"line":61,"column":null}},"loc":{"start":{"line":64,"column":4},"end":{"line":72,"column":2}}},"9":{"name":"(anonymous_16)","decl":{"start":{"line":64,"column":4},"end":{"line":64,"column":null}},"loc":{"start":{"line":64,"column":4},"end":{"line":72,"column":1}}},"10":{"name":"(anonymous_17)","decl":{"start":{"line":74,"column":59},"end":{"line":74,"column":null}},"loc":{"start":{"line":77,"column":4},"end":{"line":85,"column":2}}},"11":{"name":"(anonymous_18)","decl":{"start":{"line":77,"column":4},"end":{"line":77,"column":null}},"loc":{"start":{"line":77,"column":4},"end":{"line":85,"column":1}}},"12":{"name":"(anonymous_19)","decl":{"start":{"line":87,"column":39},"end":{"line":87,"column":46}},"loc":{"start":{"line":87,"column":77},"end":{"line":100,"column":2}}},"13":{"name":"(anonymous_20)","decl":{"start":{"line":87,"column":77},"end":{"line":87,"column":null}},"loc":{"start":{"line":87,"column":77},"end":{"line":100,"column":1}}},"14":{"name":"(anonymous_21)","decl":{"start":{"line":102,"column":39},"end":{"line":102,"column":46}},"loc":{"start":{"line":102,"column":77},"end":{"line":114,"column":2}}},"15":{"name":"(anonymous_22)","decl":{"start":{"line":102,"column":77},"end":{"line":102,"column":null}},"loc":{"start":{"line":102,"column":77},"end":{"line":114,"column":1}}},"16":{"name":"(anonymous_23)","decl":{"start":{"line":116,"column":40},"end":{"line":116,"column":47}},"loc":{"start":{"line":116,"column":78},"end":{"line":125,"column":2}}},"17":{"name":"(anonymous_24)","decl":{"start":{"line":116,"column":78},"end":{"line":116,"column":null}},"loc":{"start":{"line":116,"column":78},"end":{"line":125,"column":1}}},"18":{"name":"(anonymous_25)","decl":{"start":{"line":127,"column":39},"end":{"line":127,"column":46}},"loc":{"start":{"line":127,"column":77},"end":{"line":139,"column":2}}},"19":{"name":"(anonymous_26)","decl":{"start":{"line":127,"column":77},"end":{"line":127,"column":null}},"loc":{"start":{"line":127,"column":77},"end":{"line":139,"column":1}}}},"branchMap":{"0":{"loc":{"start":{"line":38,"column":4},"end":{"line":42,"column":5}},"type":"if","locations":[{"start":{"line":38,"column":4},"end":{"line":42,"column":5}},{"start":{"line":40,"column":11},"end":{"line":42,"column":5}}]},"1":{"loc":{"start":{"line":92,"column":4},"end":{"line":96,"column":5}},"type":"if","locations":[{"start":{"line":92,"column":4},"end":{"line":96,"column":5}},{"start":{"line":94,"column":11},"end":{"line":96,"column":5}}]},"2":{"loc":{"start":{"line":106,"column":4},"end":{"line":110,"column":5}},"type":"if","locations":[{"start":{"line":106,"column":4},"end":{"line":110,"column":5}},{"start":{"line":108,"column":11},"end":{"line":110,"column":5}}]},"3":{"loc":{"start":{"line":131,"column":4},"end":{"line":135,"column":5}},"type":"if","locations":[{"start":{"line":131,"column":4},"end":{"line":135,"column":5}},{"start":{"line":133,"column":11},"end":{"line":135,"column":5}}]}},"s":{"0":2,"1":2,"2":0,"3":0,"4":0,"5":0,"6":0,"7":0,"8":2,"9":2,"10":0,"11":0,"12":0,"13":0,"14":0,"15":2,"16":2,"17":0,"18":0,"19":0,"20":0,"21":0,"22":0,"23":0,"24":0,"25":2,"26":2,"27":0,"28":0,"29":0,"30":0,"31":0,"32":0,"33":2,"34":2,"35":0,"36":0,"37":0,"38":0,"39":0,"40":0,"41":2,"42":2,"43":0,"44":0,"45":0,"46":0,"47":0,"48":0,"49":2,"50":2,"51":0,"52":0,"53":0,"54":0,"55":0,"56":0,"57":0,"58":0,"59":0,"60":2,"61":2,"62":0,"63":0,"64":0,"65":0,"66":0,"67":0,"68":0,"69":0,"70":2,"71":2,"72":0,"73":0,"74":0,"75":0,"76":0,"77":0,"78":0,"79":2,"80":2,"81":0,"82":0,"83":0,"84":0,"85":0,"86":0,"87":0,"88":0,"89":2},"f":{"0":0,"1":0,"2":0,"3":0,"4":0,"5":0,"6":0,"7":0,"8":0,"9":0,"10":0,"11":0,"12":0,"13":0,"14":0,"15":0,"16":0,"17":0,"18":0,"19":0},"b":{"0":[0,0],"1":[0,0],"2":[0,0],"3":[0,0]}}
,"C:\\Users\\rodri\\Desktop\\codeworks\\Senior\\week-2\\boothbooker-app\\server\\src\\controllers\\userController.ts": {"path":"C:\\Users\\rodri\\Desktop\\codeworks\\Senior\\week-2\\boothbooker-app\\server\\src\\controllers\\userController.ts","statementMap":{"0":{"start":{"line":4,"column":0},"end":{"line":4,"column":null}},"1":{"start":{"line":13,"column":31},"end":{"line":26,"column":2}},"2":{"start":{"line":13,"column":69},"end":{"line":26,"column":2}},"3":{"start":{"line":14,"column":30},"end":{"line":14,"column":38}},"4":{"start":{"line":16,"column":2},"end":{"line":25,"column":3}},"5":{"start":{"line":17,"column":17},"end":{"line":17,"column":45}},"6":{"start":{"line":18,"column":4},"end":{"line":22,"column":5}},"7":{"start":{"line":19,"column":6},"end":{"line":19,"column":21}},"8":{"start":{"line":21,"column":6},"end":{"line":21,"column":69}},"9":{"start":{"line":24,"column":4},"end":{"line":24,"column":72}},"10":{"start":{"line":13,"column":13},"end":{"line":13,"column":31}},"11":{"start":{"line":28,"column":36},"end":{"line":36,"column":2}},"12":{"start":{"line":28,"column":74},"end":{"line":36,"column":2}},"13":{"start":{"line":29,"column":40},"end":{"line":29,"column":48}},"14":{"start":{"line":30,"column":2},"end":{"line":35,"column":3}},"15":{"start":{"line":31,"column":29},"end":{"line":31,"column":72}},"16":{"start":{"line":32,"column":4},"end":{"line":32,"column":19}},"17":{"start":{"line":34,"column":4},"end":{"line":34,"column":60}},"18":{"start":{"line":28,"column":13},"end":{"line":28,"column":36}},"19":{"start":{"line":38,"column":37},"end":{"line":41,"column":2}},"20":{"start":{"line":38,"column":75},"end":{"line":41,"column":2}},"21":{"start":{"line":39,"column":30},"end":{"line":39,"column":49}},"22":{"start":{"line":40,"column":2},"end":{"line":40,"column":18}},"23":{"start":{"line":38,"column":13},"end":{"line":38,"column":37}},"24":{"start":{"line":43,"column":37},"end":{"line":47,"column":2}},"25":{"start":{"line":43,"column":75},"end":{"line":47,"column":2}},"26":{"start":{"line":44,"column":17},"end":{"line":44,"column":27}},"27":{"start":{"line":45,"column":34},"end":{"line":45,"column":63}},"28":{"start":{"line":46,"column":2},"end":{"line":46,"column":17}},"29":{"start":{"line":43,"column":13},"end":{"line":43,"column":37}},"30":{"start":{"line":49,"column":40},"end":{"line":53,"column":2}},"31":{"start":{"line":49,"column":78},"end":{"line":53,"column":2}},"32":{"start":{"line":50,"column":20},"end":{"line":50,"column":30}},"33":{"start":{"line":51,"column":34},"end":{"line":51,"column":61}},"34":{"start":{"line":52,"column":2},"end":{"line":52,"column":17}},"35":{"start":{"line":49,"column":13},"end":{"line":49,"column":40}}},"fnMap":{"0":{"name":"(anonymous_7)","decl":{"start":{"line":13,"column":31},"end":{"line":13,"column":38}},"loc":{"start":{"line":13,"column":69},"end":{"line":26,"column":2}}},"1":{"name":"(anonymous_8)","decl":{"start":{"line":13,"column":69},"end":{"line":13,"column":null}},"loc":{"start":{"line":13,"column":69},"end":{"line":26,"column":1}}},"2":{"name":"(anonymous_9)","decl":{"start":{"line":28,"column":36},"end":{"line":28,"column":43}},"loc":{"start":{"line":28,"column":74},"end":{"line":36,"column":2}}},"3":{"name":"(anonymous_10)","decl":{"start":{"line":28,"column":74},"end":{"line":28,"column":null}},"loc":{"start":{"line":28,"column":74},"end":{"line":36,"column":1}}},"4":{"name":"(anonymous_11)","decl":{"start":{"line":38,"column":37},"end":{"line":38,"column":44}},"loc":{"start":{"line":38,"column":75},"end":{"line":41,"column":2}}},"5":{"name":"(anonymous_12)","decl":{"start":{"line":38,"column":75},"end":{"line":38,"column":null}},"loc":{"start":{"line":38,"column":75},"end":{"line":41,"column":1}}},"6":{"name":"(anonymous_13)","decl":{"start":{"line":43,"column":37},"end":{"line":43,"column":44}},"loc":{"start":{"line":43,"column":75},"end":{"line":47,"column":2}}},"7":{"name":"(anonymous_14)","decl":{"start":{"line":43,"column":75},"end":{"line":43,"column":null}},"loc":{"start":{"line":43,"column":75},"end":{"line":47,"column":1}}},"8":{"name":"(anonymous_15)","decl":{"start":{"line":49,"column":40},"end":{"line":49,"column":47}},"loc":{"start":{"line":49,"column":78},"end":{"line":53,"column":2}}},"9":{"name":"(anonymous_16)","decl":{"start":{"line":49,"column":78},"end":{"line":49,"column":null}},"loc":{"start":{"line":49,"column":78},"end":{"line":53,"column":1}}}},"branchMap":{"0":{"loc":{"start":{"line":18,"column":4},"end":{"line":22,"column":5}},"type":"if","locations":[{"start":{"line":18,"column":4},"end":{"line":22,"column":5}},{"start":{"line":20,"column":11},"end":{"line":22,"column":5}}]}},"s":{"0":2,"1":2,"2":2,"3":2,"4":2,"5":2,"6":2,"7":1,"8":1,"9":0,"10":2,"11":2,"12":1,"13":1,"14":1,"15":1,"16":0,"17":1,"18":2,"19":2,"20":1,"21":1,"22":1,"23":2,"24":2,"25":1,"26":1,"27":1,"28":1,"29":2,"30":2,"31":0,"32":0,"33":0,"34":0,"35":2},"f":{"0":2,"1":2,"2":1,"3":1,"4":1,"5":1,"6":1,"7":1,"8":0,"9":0},"b":{"0":[1,1]}}
,"C:\\Users\\rodri\\Desktop\\codeworks\\Senior\\week-2\\boothbooker-app\\server\\src\\middlewares\\upload.ts": {"path":"C:\\Users\\rodri\\Desktop\\codeworks\\Senior\\week-2\\boothbooker-app\\server\\src\\middlewares\\upload.ts","statementMap":{"0":{"start":{"line":1,"column":0},"end":{"line":1,"column":28}},"1":{"start":{"line":2,"column":0},"end":{"line":2,"column":24}},"2":{"start":{"line":3,"column":0},"end":{"line":3,"column":20}},"3":{"start":{"line":5,"column":16},"end":{"line":14,"column":2}},"4":{"start":{"line":7,"column":23},"end":{"line":7,"column":78}},"5":{"start":{"line":8,"column":4},"end":{"line":8,"column":50}},"6":{"start":{"line":9,"column":4},"end":{"line":9,"column":25}},"7":{"start":{"line":12,"column":4},"end":{"line":12,"column":59}},"8":{"start":{"line":16,"column":15},"end":{"line":16,"column":43}},"9":{"start":{"line":18,"column":0},"end":{"line":18,"column":22}}},"fnMap":{"0":{"name":"(anonymous_1)","decl":{"start":{"line":6,"column":15},"end":{"line":6,"column":25}},"loc":{"start":{"line":6,"column":38},"end":{"line":10,"column":3}}},"1":{"name":"(anonymous_2)","decl":{"start":{"line":11,"column":12},"end":{"line":11,"column":22}},"loc":{"start":{"line":11,"column":35},"end":{"line":13,"column":3}}}},"branchMap":{},"s":{"0":2,"1":2,"2":2,"3":2,"4":0,"5":0,"6":0,"7":0,"8":2,"9":2},"f":{"0":0,"1":0},"b":{}}
,"C:\\Users\\rodri\\Desktop\\codeworks\\Senior\\week-2\\boothbooker-app\\server\\src\\routes\\eventBoothRoutes.ts": {"path":"C:\\Users\\rodri\\Desktop\\codeworks\\Senior\\week-2\\boothbooker-app\\server\\src\\routes\\eventBoothRoutes.ts","statementMap":{"0":{"start":{"line":1,"column":0},"end":{"line":1,"column":30}},"1":{"start":{"line":2,"column":0},"end":{"line":2,"column":null}},"2":{"start":{"line":14,"column":15},"end":{"line":14,"column":31}},"3":{"start":{"line":16,"column":0},"end":{"line":16,"column":45}},"4":{"start":{"line":17,"column":0},"end":{"line":17,"column":45}},"5":{"start":{"line":18,"column":0},"end":{"line":18,"column":48}},"6":{"start":{"line":19,"column":0},"end":{"line":19,"column":65}},"7":{"start":{"line":20,"column":0},"end":{"line":20,"column":64}},"8":{"start":{"line":21,"column":0},"end":{"line":21,"column":75}},"9":{"start":{"line":22,"column":0},"end":{"line":22,"column":47}},"10":{"start":{"line":23,"column":0},"end":{"line":23,"column":61}},"11":{"start":{"line":24,"column":0},"end":{"line":24,"column":50}},"12":{"start":{"line":26,"column":0},"end":{"line":26,"column":22}}},"fnMap":{},"branchMap":{},"s":{"0":2,"1":2,"2":2,"3":2,"4":2,"5":2,"6":2,"7":2,"8":2,"9":2,"10":2,"11":2,"12":2},"f":{},"b":{}}
,"C:\\Users\\rodri\\Desktop\\codeworks\\Senior\\week-2\\boothbooker-app\\server\\src\\routes\\eventRoutes.ts": {"path":"C:\\Users\\rodri\\Desktop\\codeworks\\Senior\\week-2\\boothbooker-app\\server\\src\\routes\\eventRoutes.ts","statementMap":{"0":{"start":{"line":1,"column":0},"end":{"line":1,"column":30}},"1":{"start":{"line":2,"column":0},"end":{"line":2,"column":null}},"2":{"start":{"line":11,"column":0},"end":{"line":11,"column":43}},"3":{"start":{"line":13,"column":15},"end":{"line":13,"column":31}},"4":{"start":{"line":15,"column":0},"end":{"line":15,"column":64}},"5":{"start":{"line":16,"column":0},"end":{"line":16,"column":40}},"6":{"start":{"line":17,"column":0},"end":{"line":17,"column":43}},"7":{"start":{"line":18,"column":0},"end":{"line":18,"column":64}},"8":{"start":{"line":19,"column":0},"end":{"line":19,"column":56}},"9":{"start":{"line":20,"column":0},"end":{"line":20,"column":42}},"10":{"start":{"line":21,"column":0},"end":{"line":21,"column":45}},"11":{"start":{"line":23,"column":0},"end":{"line":23,"column":22}}},"fnMap":{},"branchMap":{},"s":{"0":2,"1":2,"2":2,"3":2,"4":2,"5":2,"6":2,"7":2,"8":2,"9":2,"10":2,"11":2},"f":{},"b":{}}
,"C:\\Users\\rodri\\Desktop\\codeworks\\Senior\\week-2\\boothbooker-app\\server\\src\\routes\\requestRoutes.ts": {"path":"C:\\Users\\rodri\\Desktop\\codeworks\\Senior\\week-2\\boothbooker-app\\server\\src\\routes\\requestRoutes.ts","statementMap":{"0":{"start":{"line":1,"column":0},"end":{"line":1,"column":30}},"1":{"start":{"line":2,"column":0},"end":{"line":2,"column":null}},"2":{"start":{"line":15,"column":15},"end":{"line":15,"column":31}},"3":{"start":{"line":17,"column":0},"end":{"line":17,"column":42}},"4":{"start":{"line":18,"column":0},"end":{"line":18,"column":42}},"5":{"start":{"line":19,"column":0},"end":{"line":19,"column":45}},"6":{"start":{"line":20,"column":0},"end":{"line":20,"column":77}},"7":{"start":{"line":21,"column":0},"end":{"line":21,"column":74}},"8":{"start":{"line":22,"column":0},"end":{"line":22,"column":72}},"9":{"start":{"line":23,"column":0},"end":{"line":23,"column":44}},"10":{"start":{"line":24,"column":0},"end":{"line":24,"column":51}},"11":{"start":{"line":25,"column":0},"end":{"line":25,"column":53}},"12":{"start":{"line":26,"column":0},"end":{"line":26,"column":47}},"13":{"start":{"line":28,"column":0},"end":{"line":28,"column":22}}},"fnMap":{},"branchMap":{},"s":{"0":2,"1":2,"2":2,"3":2,"4":2,"5":2,"6":2,"7":2,"8":2,"9":2,"10":2,"11":2,"12":2,"13":2},"f":{},"b":{}}
,"C:\\Users\\rodri\\Desktop\\codeworks\\Senior\\week-2\\boothbooker-app\\server\\src\\routes\\userRoutes.ts": {"path":"C:\\Users\\rodri\\Desktop\\codeworks\\Senior\\week-2\\boothbooker-app\\server\\src\\routes\\userRoutes.ts","statementMap":{"0":{"start":{"line":1,"column":0},"end":{"line":1,"column":30}},"1":{"start":{"line":2,"column":0},"end":{"line":2,"column":null}},"2":{"start":{"line":10,"column":15},"end":{"line":10,"column":31}},"3":{"start":{"line":13,"column":0},"end":{"line":13,"column":39}},"4":{"start":{"line":16,"column":0},"end":{"line":16,"column":39}},"5":{"start":{"line":19,"column":0},"end":{"line":19,"column":39}},"6":{"start":{"line":22,"column":0},"end":{"line":22,"column":42}},"7":{"start":{"line":25,"column":0},"end":{"line":25,"column":48}},"8":{"start":{"line":27,"column":0},"end":{"line":27,"column":22}}},"fnMap":{},"branchMap":{},"s":{"0":2,"1":2,"2":2,"3":2,"4":2,"5":2,"6":2,"7":2,"8":2},"f":{},"b":{}}
,"C:\\Users\\rodri\\Desktop\\codeworks\\Senior\\week-2\\boothbooker-app\\server\\src\\services\\eventBoothService.ts": {"path":"C:\\Users\\rodri\\Desktop\\codeworks\\Senior\\week-2\\boothbooker-app\\server\\src\\services\\eventBoothService.ts","statementMap":{"0":{"start":{"line":1,"column":0},"end":{"line":1,"column":46}},"1":{"start":{"line":4,"column":15},"end":{"line":4,"column":33}},"2":{"start":{"line":6,"column":32},"end":{"line":27,"column":2}},"3":{"start":{"line":13,"column":31},"end":{"line":27,"column":2}},"4":{"start":{"line":14,"column":21},"end":{"line":25,"column":4}},"5":{"start":{"line":26,"column":2},"end":{"line":26,"column":40}},"6":{"start":{"line":6,"column":13},"end":{"line":6,"column":32}},"7":{"start":{"line":29,"column":33},"end":{"line":45,"column":2}},"8":{"start":{"line":29,"column":73},"end":{"line":45,"column":2}},"9":{"start":{"line":30,"column":22},"end":{"line":40,"column":4}},"10":{"start":{"line":41,"column":2},"end":{"line":44,"column":6}},"11":{"start":{"line":41,"column":41},"end":{"line":43,"column":null}},"12":{"start":{"line":29,"column":13},"end":{"line":29,"column":33}},"13":{"start":{"line":47,"column":33},"end":{"line":65,"column":2}},"14":{"start":{"line":49,"column":38},"end":{"line":65,"column":2}},"15":{"start":{"line":50,"column":21},"end":{"line":61,"column":4}},"16":{"start":{"line":62,"column":2},"end":{"line":64,"column":11}},"17":{"start":{"line":47,"column":13},"end":{"line":47,"column":33}},"18":{"start":{"line":67,"column":39},"end":{"line":86,"column":2}},"19":{"start":{"line":69,"column":33},"end":{"line":86,"column":2}},"20":{"start":{"line":70,"column":22},"end":{"line":81,"column":4}},"21":{"start":{"line":82,"column":2},"end":{"line":85,"column":6}},"22":{"start":{"line":82,"column":41},"end":{"line":84,"column":null}},"23":{"start":{"line":67,"column":13},"end":{"line":67,"column":39}},"24":{"start":{"line":88,"column":38},"end":{"line":116,"column":2}},"25":{"start":{"line":90,"column":33},"end":{"line":116,"column":2}},"26":{"start":{"line":99,"column":8},"end":{"line":110,"column":4}},"27":{"start":{"line":112,"column":2},"end":{"line":115,"column":6}},"28":{"start":{"line":112,"column":36},"end":{"line":114,"column":null}},"29":{"start":{"line":88,"column":13},"end":{"line":88,"column":38}},"30":{"start":{"line":118,"column":41},"end":{"line":146,"column":2}},"31":{"start":{"line":120,"column":33},"end":{"line":146,"column":2}},"32":{"start":{"line":129,"column":8},"end":{"line":140,"column":4}},"33":{"start":{"line":142,"column":2},"end":{"line":145,"column":6}},"34":{"start":{"line":142,"column":36},"end":{"line":144,"column":null}},"35":{"start":{"line":118,"column":13},"end":{"line":118,"column":41}},"36":{"start":{"line":148,"column":32},"end":{"line":168,"column":2}},"37":{"start":{"line":151,"column":38},"end":{"line":168,"column":2}},"38":{"start":{"line":152,"column":21},"end":{"line":164,"column":4}},"39":{"start":{"line":165,"column":2},"end":{"line":167,"column":11}},"40":{"start":{"line":148,"column":13},"end":{"line":148,"column":32}},"41":{"start":{"line":170,"column":41},"end":{"line":191,"column":2}},"42":{"start":{"line":173,"column":38},"end":{"line":191,"column":2}},"43":{"start":{"line":174,"column":16},"end":{"line":189,"column":4}},"44":{"start":{"line":190,"column":2},"end":{"line":190,"column":72}},"45":{"start":{"line":170,"column":13},"end":{"line":170,"column":41}},"46":{"start":{"line":193,"column":32},"end":{"line":211,"column":2}},"47":{"start":{"line":195,"column":38},"end":{"line":211,"column":2}},"48":{"start":{"line":196,"column":21},"end":{"line":207,"column":4}},"49":{"start":{"line":208,"column":2},"end":{"line":210,"column":11}},"50":{"start":{"line":193,"column":13},"end":{"line":193,"column":32}}},"fnMap":{"0":{"name":"(anonymous_7)","decl":{"start":{"line":6,"column":32},"end":{"line":6,"column":null}},"loc":{"start":{"line":13,"column":31},"end":{"line":27,"column":2}}},"1":{"name":"(anonymous_8)","decl":{"start":{"line":13,"column":31},"end":{"line":13,"column":null}},"loc":{"start":{"line":13,"column":31},"end":{"line":27,"column":1}}},"2":{"name":"(anonymous_9)","decl":{"start":{"line":29,"column":33},"end":{"line":29,"column":71}},"loc":{"start":{"line":29,"column":73},"end":{"line":45,"column":2}}},"3":{"name":"(anonymous_10)","decl":{"start":{"line":29,"column":73},"end":{"line":29,"column":null}},"loc":{"start":{"line":29,"column":73},"end":{"line":45,"column":1}}},"4":{"name":"(anonymous_11)","decl":{"start":{"line":41,"column":25},"end":{"line":41,"column":26}},"loc":{"start":{"line":41,"column":41},"end":{"line":43,"column":null}}},"5":{"name":"(anonymous_12)","decl":{"start":{"line":47,"column":33},"end":{"line":47,"column":null}},"loc":{"start":{"line":49,"column":38},"end":{"line":65,"column":2}}},"6":{"name":"(anonymous_13)","decl":{"start":{"line":49,"column":38},"end":{"line":49,"column":null}},"loc":{"start":{"line":49,"column":38},"end":{"line":65,"column":1}}},"7":{"name":"(anonymous_14)","decl":{"start":{"line":67,"column":39},"end":{"line":67,"column":null}},"loc":{"start":{"line":69,"column":33},"end":{"line":86,"column":2}}},"8":{"name":"(anonymous_15)","decl":{"start":{"line":69,"column":33},"end":{"line":69,"column":null}},"loc":{"start":{"line":69,"column":33},"end":{"line":86,"column":1}}},"9":{"name":"(anonymous_16)","decl":{"start":{"line":82,"column":25},"end":{"line":82,"column":26}},"loc":{"start":{"line":82,"column":41},"end":{"line":84,"column":null}}},"10":{"name":"(anonymous_17)","decl":{"start":{"line":88,"column":38},"end":{"line":88,"column":null}},"loc":{"start":{"line":90,"column":33},"end":{"line":116,"column":2}}},"11":{"name":"(anonymous_18)","decl":{"start":{"line":90,"column":33},"end":{"line":90,"column":null}},"loc":{"start":{"line":90,"column":33},"end":{"line":116,"column":1}}},"12":{"name":"(anonymous_19)","decl":{"start":{"line":112,"column":25},"end":{"line":112,"column":26}},"loc":{"start":{"line":112,"column":36},"end":{"line":114,"column":null}}},"13":{"name":"(anonymous_20)","decl":{"start":{"line":118,"column":41},"end":{"line":118,"column":null}},"loc":{"start":{"line":120,"column":33},"end":{"line":146,"column":2}}},"14":{"name":"(anonymous_21)","decl":{"start":{"line":120,"column":33},"end":{"line":120,"column":null}},"loc":{"start":{"line":120,"column":33},"end":{"line":146,"column":1}}},"15":{"name":"(anonymous_22)","decl":{"start":{"line":142,"column":25},"end":{"line":142,"column":26}},"loc":{"start":{"line":142,"column":36},"end":{"line":144,"column":null}}},"16":{"name":"(anonymous_23)","decl":{"start":{"line":148,"column":32},"end":{"line":148,"column":null}},"loc":{"start":{"line":151,"column":38},"end":{"line":168,"column":2}}},"17":{"name":"(anonymous_24)","decl":{"start":{"line":151,"column":38},"end":{"line":151,"column":null}},"loc":{"start":{"line":151,"column":38},"end":{"line":168,"column":1}}},"18":{"name":"(anonymous_25)","decl":{"start":{"line":170,"column":41},"end":{"line":170,"column":null}},"loc":{"start":{"line":173,"column":38},"end":{"line":191,"column":2}}},"19":{"name":"(anonymous_26)","decl":{"start":{"line":173,"column":38},"end":{"line":173,"column":null}},"loc":{"start":{"line":173,"column":38},"end":{"line":191,"column":1}}},"20":{"name":"(anonymous_27)","decl":{"start":{"line":193,"column":32},"end":{"line":193,"column":null}},"loc":{"start":{"line":195,"column":38},"end":{"line":211,"column":2}}},"21":{"name":"(anonymous_28)","decl":{"start":{"line":195,"column":38},"end":{"line":195,"column":null}},"loc":{"start":{"line":195,"column":38},"end":{"line":211,"column":1}}}},"branchMap":{"0":{"loc":{"start":{"line":62,"column":9},"end":{"line":64,"column":10}},"type":"cond-expr","locations":[{"start":{"line":63,"column":5},"end":{"line":63,"column":null}},{"start":{"line":64,"column":6},"end":{"line":64,"column":10}}]},"1":{"loc":{"start":{"line":165,"column":9},"end":{"line":167,"column":10}},"type":"cond-expr","locations":[{"start":{"line":166,"column":5},"end":{"line":166,"column":null}},{"start":{"line":167,"column":6},"end":{"line":167,"column":10}}]},"2":{"loc":{"start":{"line":190,"column":9},"end":{"line":190,"column":71}},"type":"cond-expr","locations":[{"start":{"line":190,"column":16},"end":{"line":190,"column":65}},{"start":{"line":190,"column":67},"end":{"line":190,"column":71}}]},"3":{"loc":{"start":{"line":208,"column":9},"end":{"line":210,"column":10}},"type":"cond-expr","locations":[{"start":{"line":209,"column":5},"end":{"line":209,"column":null}},{"start":{"line":210,"column":6},"end":{"line":210,"column":10}}]}},"s":{"0":3,"1":3,"2":3,"3":0,"4":0,"5":0,"6":3,"7":3,"8":0,"9":0,"10":0,"11":0,"12":3,"13":3,"14":0,"15":0,"16":0,"17":3,"18":3,"19":0,"20":0,"21":0,"22":0,"23":3,"24":3,"25":0,"26":0,"27":0,"28":0,"29":3,"30":3,"31":0,"32":0,"33":0,"34":0,"35":3,"36":3,"37":0,"38":0,"39":0,"40":3,"41":3,"42":0,"43":0,"44":0,"45":3,"46":3,"47":0,"48":0,"49":0,"50":3},"f":{"0":0,"1":0,"2":0,"3":0,"4":0,"5":0,"6":0,"7":0,"8":0,"9":0,"10":0,"11":0,"12":0,"13":0,"14":0,"15":0,"16":0,"17":0,"18":0,"19":0,"20":0,"21":0},"b":{"0":[0,0],"1":[0,0],"2":[0,0],"3":[0,0]}}
,"C:\\Users\\rodri\\Desktop\\codeworks\\Senior\\week-2\\boothbooker-app\\server\\src\\services\\eventService.ts": {"path":"C:\\Users\\rodri\\Desktop\\codeworks\\Senior\\week-2\\boothbooker-app\\server\\src\\services\\eventService.ts","statementMap":{"0":{"start":{"line":1,"column":0},"end":{"line":1,"column":46}},"1":{"start":{"line":4,"column":15},"end":{"line":4,"column":33}},"2":{"start":{"line":6,"column":27},"end":{"line":35,"column":2}},"3":{"start":{"line":14,"column":26},"end":{"line":35,"column":2}},"4":{"start":{"line":15,"column":16},"end":{"line":27,"column":4}},"5":{"start":{"line":28,"column":26},"end":{"line":33,"column":4}},"6":{"start":{"line":34,"column":2},"end":{"line":34,"column":74}},"7":{"start":{"line":6,"column":13},"end":{"line":6,"column":27}},"8":{"start":{"line":37,"column":28},"end":{"line":62,"column":2}},"9":{"start":{"line":37,"column":63},"end":{"line":62,"column":2}},"10":{"start":{"line":38,"column":17},"end":{"line":49,"column":4}},"11":{"start":{"line":50,"column":23},"end":{"line":59,"column":null}},"12":{"start":{"line":51,"column":36},"end":{"line":59,"column":6}},"13":{"start":{"line":52,"column":30},"end":{"line":57,"column":8}},"14":{"start":{"line":58,"column":6},"end":{"line":58,"column":78}},"15":{"start":{"line":61,"column":2},"end":{"line":61,"column":22}},"16":{"start":{"line":37,"column":13},"end":{"line":37,"column":28}},"17":{"start":{"line":64,"column":28},"end":{"line":88,"column":2}},"18":{"start":{"line":64,"column":78},"end":{"line":88,"column":2}},"19":{"start":{"line":65,"column":16},"end":{"line":77,"column":4}},"20":{"start":{"line":78,"column":2},"end":{"line":80,"column":3}},"21":{"start":{"line":79,"column":4},"end":{"line":79,"column":16}},"22":{"start":{"line":81,"column":26},"end":{"line":86,"column":4}},"23":{"start":{"line":87,"column":2},"end":{"line":87,"column":74}},"24":{"start":{"line":64,"column":13},"end":{"line":64,"column":28}},"25":{"start":{"line":90,"column":34},"end":{"line":118,"column":2}},"26":{"start":{"line":92,"column":28},"end":{"line":118,"column":2}},"27":{"start":{"line":93,"column":17},"end":{"line":105,"column":4}},"28":{"start":{"line":106,"column":23},"end":{"line":115,"column":null}},"29":{"start":{"line":107,"column":31},"end":{"line":115,"column":6}},"30":{"start":{"line":108,"column":30},"end":{"line":113,"column":8}},"31":{"start":{"line":114,"column":6},"end":{"line":114,"column":78}},"32":{"start":{"line":117,"column":2},"end":{"line":117,"column":22}},"33":{"start":{"line":90,"column":13},"end":{"line":90,"column":34}},"34":{"start":{"line":120,"column":32},"end":{"line":154,"column":2}},"35":{"start":{"line":122,"column":28},"end":{"line":154,"column":2}},"36":{"start":{"line":123,"column":17},"end":{"line":141,"column":4}},"37":{"start":{"line":142,"column":23},"end":{"line":151,"column":null}},"38":{"start":{"line":143,"column":31},"end":{"line":151,"column":6}},"39":{"start":{"line":144,"column":30},"end":{"line":149,"column":8}},"40":{"start":{"line":150,"column":6},"end":{"line":150,"column":78}},"41":{"start":{"line":153,"column":2},"end":{"line":153,"column":22}},"42":{"start":{"line":120,"column":13},"end":{"line":120,"column":32}},"43":{"start":{"line":156,"column":27},"end":{"line":181,"column":2}},"44":{"start":{"line":159,"column":33},"end":{"line":181,"column":2}},"45":{"start":{"line":160,"column":16},"end":{"line":173,"column":4}},"46":{"start":{"line":174,"column":26},"end":{"line":179,"column":4}},"47":{"start":{"line":180,"column":2},"end":{"line":180,"column":74}},"48":{"start":{"line":156,"column":13},"end":{"line":156,"column":27}},"49":{"start":{"line":183,"column":27},"end":{"line":204,"column":2}},"50":{"start":{"line":183,"column":77},"end":{"line":204,"column":2}},"51":{"start":{"line":184,"column":16},"end":{"line":196,"column":4}},"52":{"start":{"line":197,"column":26},"end":{"line":202,"column":4}},"53":{"start":{"line":203,"column":2},"end":{"line":203,"column":74}},"54":{"start":{"line":183,"column":13},"end":{"line":183,"column":27}}},"fnMap":{"0":{"name":"(anonymous_7)","decl":{"start":{"line":6,"column":27},"end":{"line":6,"column":null}},"loc":{"start":{"line":14,"column":26},"end":{"line":35,"column":2}}},"1":{"name":"(anonymous_8)","decl":{"start":{"line":14,"column":26},"end":{"line":14,"column":null}},"loc":{"start":{"line":14,"column":26},"end":{"line":35,"column":1}}},"2":{"name":"(anonymous_9)","decl":{"start":{"line":37,"column":28},"end":{"line":37,"column":61}},"loc":{"start":{"line":37,"column":63},"end":{"line":62,"column":2}}},"3":{"name":"(anonymous_10)","decl":{"start":{"line":37,"column":63},"end":{"line":37,"column":null}},"loc":{"start":{"line":37,"column":63},"end":{"line":62,"column":1}}},"4":{"name":"(anonymous_11)","decl":{"start":{"line":51,"column":15},"end":{"line":51,"column":22}},"loc":{"start":{"line":51,"column":36},"end":{"line":59,"column":6}}},"5":{"name":"(anonymous_12)","decl":{"start":{"line":51,"column":36},"end":{"line":51,"column":null}},"loc":{"start":{"line":51,"column":36},"end":{"line":59,"column":5}}},"6":{"name":"(anonymous_13)","decl":{"start":{"line":64,"column":28},"end":{"line":64,"column":35}},"loc":{"start":{"line":64,"column":78},"end":{"line":88,"column":2}}},"7":{"name":"(anonymous_14)","decl":{"start":{"line":64,"column":78},"end":{"line":64,"column":null}},"loc":{"start":{"line":64,"column":78},"end":{"line":88,"column":1}}},"8":{"name":"(anonymous_15)","decl":{"start":{"line":90,"column":34},"end":{"line":90,"column":null}},"loc":{"start":{"line":92,"column":28},"end":{"line":118,"column":2}}},"9":{"name":"(anonymous_16)","decl":{"start":{"line":92,"column":28},"end":{"line":92,"column":null}},"loc":{"start":{"line":92,"column":28},"end":{"line":118,"column":1}}},"10":{"name":"(anonymous_17)","decl":{"start":{"line":107,"column":15},"end":{"line":107,"column":22}},"loc":{"start":{"line":107,"column":31},"end":{"line":115,"column":6}}},"11":{"name":"(anonymous_18)","decl":{"start":{"line":107,"column":31},"end":{"line":107,"column":null}},"loc":{"start":{"line":107,"column":31},"end":{"line":115,"column":5}}},"12":{"name":"(anonymous_19)","decl":{"start":{"line":120,"column":32},"end":{"line":120,"column":null}},"loc":{"start":{"line":122,"column":28},"end":{"line":154,"column":2}}},"13":{"name":"(anonymous_20)","decl":{"start":{"line":122,"column":28},"end":{"line":122,"column":null}},"loc":{"start":{"line":122,"column":28},"end":{"line":154,"column":1}}},"14":{"name":"(anonymous_21)","decl":{"start":{"line":143,"column":15},"end":{"line":143,"column":22}},"loc":{"start":{"line":143,"column":31},"end":{"line":151,"column":6}}},"15":{"name":"(anonymous_22)","decl":{"start":{"line":143,"column":31},"end":{"line":143,"column":null}},"loc":{"start":{"line":143,"column":31},"end":{"line":151,"column":5}}},"16":{"name":"(anonymous_23)","decl":{"start":{"line":156,"column":27},"end":{"line":156,"column":null}},"loc":{"start":{"line":159,"column":33},"end":{"line":181,"column":2}}},"17":{"name":"(anonymous_24)","decl":{"start":{"line":159,"column":33},"end":{"line":159,"column":null}},"loc":{"start":{"line":159,"column":33},"end":{"line":181,"column":1}}},"18":{"name":"(anonymous_25)","decl":{"start":{"line":183,"column":27},"end":{"line":183,"column":34}},"loc":{"start":{"line":183,"column":77},"end":{"line":204,"column":2}}},"19":{"name":"(anonymous_26)","decl":{"start":{"line":183,"column":77},"end":{"line":183,"column":null}},"loc":{"start":{"line":183,"column":77},"end":{"line":204,"column":1}}}},"branchMap":{"0":{"loc":{"start":{"line":78,"column":2},"end":{"line":80,"column":3}},"type":"if","locations":[{"start":{"line":78,"column":2},"end":{"line":80,"column":3}}]}},"s":{"0":2,"1":2,"2":2,"3":0,"4":0,"5":0,"6":0,"7":2,"8":2,"9":1,"10":1,"11":1,"12":3,"13":3,"14":3,"15":1,"16":2,"17":2,"18":1,"19":1,"20":1,"21":0,"22":1,"23":1,"24":2,"25":2,"26":1,"27":1,"28":1,"29":1,"30":1,"31":1,"32":1,"33":2,"34":2,"35":1,"36":1,"37":1,"38":0,"39":0,"40":0,"41":1,"42":2,"43":2,"44":1,"45":1,"46":1,"47":1,"48":2,"49":2,"50":1,"51":1,"52":0,"53":0,"54":2},"f":{"0":0,"1":0,"2":1,"3":1,"4":3,"5":3,"6":1,"7":1,"8":1,"9":1,"10":1,"11":1,"12":1,"13":1,"14":0,"15":0,"16":1,"17":1,"18":1,"19":1},"b":{"0":[0]}}
,"C:\\Users\\rodri\\Desktop\\codeworks\\Senior\\week-2\\boothbooker-app\\server\\src\\services\\requestService.ts": {"path":"C:\\Users\\rodri\\Desktop\\codeworks\\Senior\\week-2\\boothbooker-app\\server\\src\\services\\requestService.ts","statementMap":{"0":{"start":{"line":1,"column":0},"end":{"line":1,"column":46}},"1":{"start":{"line":4,"column":15},"end":{"line":4,"column":33}},"2":{"start":{"line":6,"column":29},"end":{"line":21,"column":2}},"3":{"start":{"line":10,"column":28},"end":{"line":21,"column":2}},"4":{"start":{"line":11,"column":18},"end":{"line":19,"column":4}},"5":{"start":{"line":20,"column":2},"end":{"line":20,"column":34}},"6":{"start":{"line":6,"column":13},"end":{"line":6,"column":29}},"7":{"start":{"line":23,"column":30},"end":{"line":36,"column":2}},"8":{"start":{"line":23,"column":67},"end":{"line":36,"column":2}},"9":{"start":{"line":24,"column":19},"end":{"line":31,"column":4}},"10":{"start":{"line":32,"column":2},"end":{"line":35,"column":6}},"11":{"start":{"line":32,"column":40},"end":{"line":34,"column":null}},"12":{"start":{"line":23,"column":13},"end":{"line":23,"column":30}},"13":{"start":{"line":38,"column":30},"end":{"line":53,"column":2}},"14":{"start":{"line":40,"column":35},"end":{"line":53,"column":2}},"15":{"start":{"line":41,"column":18},"end":{"line":49,"column":4}},"16":{"start":{"line":50,"column":2},"end":{"line":52,"column":11}},"17":{"start":{"line":38,"column":13},"end":{"line":38,"column":30}},"18":{"start":{"line":55,"column":41},"end":{"line":71,"column":2}},"19":{"start":{"line":57,"column":30},"end":{"line":71,"column":2}},"20":{"start":{"line":58,"column":19},"end":{"line":66,"column":4}},"21":{"start":{"line":67,"column":2},"end":{"line":70,"column":6}},"22":{"start":{"line":67,"column":40},"end":{"line":69,"column":null}},"23":{"start":{"line":55,"column":13},"end":{"line":55,"column":41}},"24":{"start":{"line":73,"column":40},"end":{"line":100,"column":2}},"25":{"start":{"line":75,"column":29},"end":{"line":100,"column":2}},"26":{"start":{"line":76,"column":19},"end":{"line":85,"column":4}},"27":{"start":{"line":87,"column":2},"end":{"line":99,"column":6}},"28":{"start":{"line":87,"column":41},"end":{"line":99,"column":4}},"29":{"start":{"line":73,"column":13},"end":{"line":73,"column":40}},"30":{"start":{"line":102,"column":49},"end":{"line":136,"column":2}},"31":{"start":{"line":104,"column":29},"end":{"line":136,"column":2}},"32":{"start":{"line":105,"column":19},"end":{"line":121,"column":4}},"33":{"start":{"line":123,"column":2},"end":{"line":135,"column":6}},"34":{"start":{"line":123,"column":41},"end":{"line":135,"column":4}},"35":{"start":{"line":102,"column":13},"end":{"line":102,"column":49}},"36":{"start":{"line":138,"column":29},"end":{"line":155,"column":2}},"37":{"start":{"line":141,"column":35},"end":{"line":155,"column":2}},"38":{"start":{"line":142,"column":18},"end":{"line":151,"column":4}},"39":{"start":{"line":152,"column":2},"end":{"line":154,"column":11}},"40":{"start":{"line":138,"column":13},"end":{"line":138,"column":29}},"41":{"start":{"line":157,"column":45},"end":{"line":184,"column":2}},"42":{"start":{"line":159,"column":35},"end":{"line":184,"column":2}},"43":{"start":{"line":160,"column":18},"end":{"line":169,"column":4}},"44":{"start":{"line":171,"column":2},"end":{"line":179,"column":3}},"45":{"start":{"line":172,"column":4},"end":{"line":178,"column":7}},"46":{"start":{"line":181,"column":2},"end":{"line":183,"column":11}},"47":{"start":{"line":157,"column":13},"end":{"line":157,"column":45}},"48":{"start":{"line":186,"column":30},"end":{"line":202,"column":2}},"49":{"start":{"line":188,"column":35},"end":{"line":202,"column":2}},"50":{"start":{"line":189,"column":18},"end":{"line":198,"column":4}},"51":{"start":{"line":199,"column":2},"end":{"line":201,"column":11}},"52":{"start":{"line":186,"column":13},"end":{"line":186,"column":30}},"53":{"start":{"line":204,"column":29},"end":{"line":219,"column":2}},"54":{"start":{"line":206,"column":35},"end":{"line":219,"column":2}},"55":{"start":{"line":207,"column":18},"end":{"line":215,"column":4}},"56":{"start":{"line":216,"column":2},"end":{"line":218,"column":11}},"57":{"start":{"line":204,"column":13},"end":{"line":204,"column":29}}},"fnMap":{"0":{"name":"(anonymous_7)","decl":{"start":{"line":6,"column":29},"end":{"line":6,"column":null}},"loc":{"start":{"line":10,"column":28},"end":{"line":21,"column":2}}},"1":{"name":"(anonymous_8)","decl":{"start":{"line":10,"column":28},"end":{"line":10,"column":null}},"loc":{"start":{"line":10,"column":28},"end":{"line":21,"column":1}}},"2":{"name":"(anonymous_9)","decl":{"start":{"line":23,"column":30},"end":{"line":23,"column":65}},"loc":{"start":{"line":23,"column":67},"end":{"line":36,"column":2}}},"3":{"name":"(anonymous_10)","decl":{"start":{"line":23,"column":67},"end":{"line":23,"column":null}},"loc":{"start":{"line":23,"column":67},"end":{"line":36,"column":1}}},"4":{"name":"(anonymous_11)","decl":{"start":{"line":32,"column":22},"end":{"line":32,"column":23}},"loc":{"start":{"line":32,"column":40},"end":{"line":34,"column":null}}},"5":{"name":"(anonymous_12)","decl":{"start":{"line":38,"column":30},"end":{"line":38,"column":null}},"loc":{"start":{"line":40,"column":35},"end":{"line":53,"column":2}}},"6":{"name":"(anonymous_13)","decl":{"start":{"line":40,"column":35},"end":{"line":40,"column":null}},"loc":{"start":{"line":40,"column":35},"end":{"line":53,"column":1}}},"7":{"name":"(anonymous_14)","decl":{"start":{"line":55,"column":41},"end":{"line":55,"column":null}},"loc":{"start":{"line":57,"column":30},"end":{"line":71,"column":2}}},"8":{"name":"(anonymous_15)","decl":{"start":{"line":57,"column":30},"end":{"line":57,"column":null}},"loc":{"start":{"line":57,"column":30},"end":{"line":71,"column":1}}},"9":{"name":"(anonymous_16)","decl":{"start":{"line":67,"column":22},"end":{"line":67,"column":23}},"loc":{"start":{"line":67,"column":40},"end":{"line":69,"column":null}}},"10":{"name":"(anonymous_17)","decl":{"start":{"line":73,"column":40},"end":{"line":73,"column":null}},"loc":{"start":{"line":75,"column":29},"end":{"line":100,"column":2}}},"11":{"name":"(anonymous_18)","decl":{"start":{"line":75,"column":29},"end":{"line":75,"column":null}},"loc":{"start":{"line":75,"column":29},"end":{"line":100,"column":1}}},"12":{"name":"(anonymous_19)","decl":{"start":{"line":87,"column":22},"end":{"line":87,"column":23}},"loc":{"start":{"line":87,"column":41},"end":{"line":99,"column":4}}},"13":{"name":"(anonymous_20)","decl":{"start":{"line":102,"column":49},"end":{"line":102,"column":null}},"loc":{"start":{"line":104,"column":29},"end":{"line":136,"column":2}}},"14":{"name":"(anonymous_21)","decl":{"start":{"line":104,"column":29},"end":{"line":104,"column":null}},"loc":{"start":{"line":104,"column":29},"end":{"line":136,"column":1}}},"15":{"name":"(anonymous_22)","decl":{"start":{"line":123,"column":22},"end":{"line":123,"column":23}},"loc":{"start":{"line":123,"column":41},"end":{"line":135,"column":4}}},"16":{"name":"(anonymous_23)","decl":{"start":{"line":138,"column":29},"end":{"line":138,"column":null}},"loc":{"start":{"line":141,"column":35},"end":{"line":155,"column":2}}},"17":{"name":"(anonymous_24)","decl":{"start":{"line":141,"column":35},"end":{"line":141,"column":null}},"loc":{"start":{"line":141,"column":35},"end":{"line":155,"column":1}}},"18":{"name":"(anonymous_25)","decl":{"start":{"line":157,"column":45},"end":{"line":157,"column":null}},"loc":{"start":{"line":159,"column":35},"end":{"line":184,"column":2}}},"19":{"name":"(anonymous_26)","decl":{"start":{"line":159,"column":35},"end":{"line":159,"column":null}},"loc":{"start":{"line":159,"column":35},"end":{"line":184,"column":1}}},"20":{"name":"(anonymous_27)","decl":{"start":{"line":186,"column":30},"end":{"line":186,"column":null}},"loc":{"start":{"line":188,"column":35},"end":{"line":202,"column":2}}},"21":{"name":"(anonymous_28)","decl":{"start":{"line":188,"column":35},"end":{"line":188,"column":null}},"loc":{"start":{"line":188,"column":35},"end":{"line":202,"column":1}}},"22":{"name":"(anonymous_29)","decl":{"start":{"line":204,"column":29},"end":{"line":204,"column":null}},"loc":{"start":{"line":206,"column":35},"end":{"line":219,"column":2}}},"23":{"name":"(anonymous_30)","decl":{"start":{"line":206,"column":35},"end":{"line":206,"column":null}},"loc":{"start":{"line":206,"column":35},"end":{"line":219,"column":1}}}},"branchMap":{"0":{"loc":{"start":{"line":50,"column":9},"end":{"line":52,"column":10}},"type":"cond-expr","locations":[{"start":{"line":51,"column":5},"end":{"line":51,"column":null}},{"start":{"line":52,"column":6},"end":{"line":52,"column":10}}]},"1":{"loc":{"start":{"line":152,"column":9},"end":{"line":154,"column":10}},"type":"cond-expr","locations":[{"start":{"line":153,"column":5},"end":{"line":153,"column":null}},{"start":{"line":154,"column":6},"end":{"line":154,"column":10}}]},"2":{"loc":{"start":{"line":171,"column":2},"end":{"line":179,"column":3}},"type":"if","locations":[{"start":{"line":171,"column":2},"end":{"line":179,"column":3}}]},"3":{"loc":{"start":{"line":181,"column":9},"end":{"line":183,"column":10}},"type":"cond-expr","locations":[{"start":{"line":182,"column":5},"end":{"line":182,"column":null}},{"start":{"line":183,"column":6},"end":{"line":183,"column":10}}]},"4":{"loc":{"start":{"line":199,"column":9},"end":{"line":201,"column":10}},"type":"cond-expr","locations":[{"start":{"line":200,"column":5},"end":{"line":200,"column":null}},{"start":{"line":201,"column":6},"end":{"line":201,"column":10}}]},"5":{"loc":{"start":{"line":216,"column":9},"end":{"line":218,"column":10}},"type":"cond-expr","locations":[{"start":{"line":217,"column":5},"end":{"line":217,"column":null}},{"start":{"line":218,"column":6},"end":{"line":218,"column":10}}]}},"s":{"0":2,"1":2,"2":2,"3":0,"4":0,"5":0,"6":2,"7":2,"8":0,"9":0,"10":0,"11":0,"12":2,"13":2,"14":0,"15":0,"16":0,"17":2,"18":2,"19":0,"20":0,"21":0,"22":0,"23":2,"24":2,"25":0,"26":0,"27":0,"28":0,"29":2,"30":2,"31":0,"32":0,"33":0,"34":0,"35":2,"36":2,"37":0,"38":0,"39":0,"40":2,"41":2,"42":0,"43":0,"44":0,"45":0,"46":0,"47":2,"48":2,"49":0,"50":0,"51":0,"52":2,"53":2,"54":0,"55":0,"56":0,"57":2},"f":{"0":0,"1":0,"2":0,"3":0,"4":0,"5":0,"6":0,"7":0,"8":0,"9":0,"10":0,"11":0,"12":0,"13":0,"14":0,"15":0,"16":0,"17":0,"18":0,"19":0,"20":0,"21":0,"22":0,"23":0},"b":{"0":[0,0],"1":[0,0],"2":[0],"3":[0,0],"4":[0,0],"5":[0,0]}}
,"C:\\Users\\rodri\\Desktop\\codeworks\\Senior\\week-2\\boothbooker-app\\server\\src\\services\\userService.ts": {"path":"C:\\Users\\rodri\\Desktop\\codeworks\\Senior\\week-2\\boothbooker-app\\server\\src\\services\\userService.ts","statementMap":{"0":{"start":{"line":1,"column":0},"end":{"line":1,"column":46}},"1":{"start":{"line":4,"column":15},"end":{"line":4,"column":33}},"2":{"start":{"line":6,"column":21},"end":{"line":23,"column":2}},"3":{"start":{"line":9,"column":32},"end":{"line":23,"column":2}},"4":{"start":{"line":10,"column":15},"end":{"line":12,"column":4}},"5":{"start":{"line":14,"column":2},"end":{"line":20,"column":3}},"6":{"start":{"line":15,"column":4},"end":{"line":19,"column":6}},"7":{"start":{"line":22,"column":2},"end":{"line":22,"column":14}},"8":{"start":{"line":6,"column":13},"end":{"line":6,"column":21}},"9":{"start":{"line":25,"column":26},"end":{"line":38,"column":2}},"10":{"start":{"line":29,"column":25},"end":{"line":38,"column":2}},"11":{"start":{"line":30,"column":2},"end":{"line":37,"column":5}},"12":{"start":{"line":25,"column":13},"end":{"line":25,"column":26}},"13":{"start":{"line":40,"column":27},"end":{"line":48,"column":2}},"14":{"start":{"line":40,"column":61},"end":{"line":48,"column":2}},"15":{"start":{"line":41,"column":2},"end":{"line":47,"column":5}},"16":{"start":{"line":40,"column":13},"end":{"line":40,"column":27}},"17":{"start":{"line":50,"column":27},"end":{"line":59,"column":2}},"18":{"start":{"line":50,"column":76},"end":{"line":59,"column":2}},"19":{"start":{"line":51,"column":2},"end":{"line":58,"column":5}},"20":{"start":{"line":50,"column":13},"end":{"line":50,"column":27}},"21":{"start":{"line":61,"column":30},"end":{"line":72,"column":2}},"22":{"start":{"line":63,"column":32},"end":{"line":72,"column":2}},"23":{"start":{"line":64,"column":2},"end":{"line":71,"column":5}},"24":{"start":{"line":61,"column":13},"end":{"line":61,"column":30}}},"fnMap":{"0":{"name":"(anonymous_7)","decl":{"start":{"line":6,"column":21},"end":{"line":6,"column":null}},"loc":{"start":{"line":9,"column":32},"end":{"line":23,"column":2}}},"1":{"name":"(anonymous_8)","decl":{"start":{"line":9,"column":32},"end":{"line":9,"column":null}},"loc":{"start":{"line":9,"column":32},"end":{"line":23,"column":1}}},"2":{"name":"(anonymous_9)","decl":{"start":{"line":25,"column":26},"end":{"line":25,"column":null}},"loc":{"start":{"line":29,"column":25},"end":{"line":38,"column":2}}},"3":{"name":"(anonymous_10)","decl":{"start":{"line":29,"column":25},"end":{"line":29,"column":null}},"loc":{"start":{"line":29,"column":25},"end":{"line":38,"column":1}}},"4":{"name":"(anonymous_11)","decl":{"start":{"line":40,"column":27},"end":{"line":40,"column":59}},"loc":{"start":{"line":40,"column":61},"end":{"line":48,"column":2}}},"5":{"name":"(anonymous_12)","decl":{"start":{"line":40,"column":61},"end":{"line":40,"column":null}},"loc":{"start":{"line":40,"column":61},"end":{"line":48,"column":1}}},"6":{"name":"(anonymous_13)","decl":{"start":{"line":50,"column":27},"end":{"line":50,"column":34}},"loc":{"start":{"line":50,"column":76},"end":{"line":59,"column":2}}},"7":{"name":"(anonymous_14)","decl":{"start":{"line":50,"column":76},"end":{"line":50,"column":null}},"loc":{"start":{"line":50,"column":76},"end":{"line":59,"column":1}}},"8":{"name":"(anonymous_15)","decl":{"start":{"line":61,"column":30},"end":{"line":61,"column":null}},"loc":{"start":{"line":63,"column":32},"end":{"line":72,"column":2}}},"9":{"name":"(anonymous_16)","decl":{"start":{"line":63,"column":32},"end":{"line":63,"column":null}},"loc":{"start":{"line":63,"column":32},"end":{"line":72,"column":1}}}},"branchMap":{"0":{"loc":{"start":{"line":14,"column":2},"end":{"line":20,"column":3}},"type":"if","locations":[{"start":{"line":14,"column":2},"end":{"line":20,"column":3}}]},"1":{"loc":{"start":{"line":14,"column":6},"end":{"line":14,"column":40}},"type":"binary-expr","locations":[{"start":{"line":14,"column":6},"end":{"line":14,"column":10}},{"start":{"line":14,"column":14},"end":{"line":14,"column":40}}]}},"s":{"0":2,"1":2,"2":2,"3":2,"4":2,"5":2,"6":1,"7":1,"8":2,"9":2,"10":1,"11":1,"12":2,"13":2,"14":1,"15":1,"16":2,"17":2,"18":1,"19":1,"20":2,"21":2,"22":0,"23":0,"24":2},"f":{"0":2,"1":2,"2":1,"3":1,"4":1,"5":1,"6":1,"7":1,"8":0,"9":0},"b":{"0":[1],"1":[2,2]}}
}
