TN:
SF:..\index.ts
FN:20,(anonymous_1)
FN:45,(anonymous_2)
FN:49,(anonymous_3)
FNF:3
FNH:1
FNDA:0,(anonymous_1)
FNDA:0,(anonymous_2)
FNDA:1,(anonymous_3)
DA:1,2
DA:4,2
DA:6,2
DA:7,2
DA:8,2
DA:9,2
DA:10,2
DA:11,2
DA:12,2
DA:14,2
DA:15,2
DA:17,2
DA:19,2
DA:22,0
DA:23,0
DA:24,0
DA:26,0
DA:31,2
DA:34,2
DA:35,2
DA:40,2
DA:41,2
DA:42,2
DA:43,2
DA:45,2
DA:46,0
DA:49,2
DA:50,1
DA:53,2
LF:29
LH:24
BRDA:15,0,0,2
BRDA:15,0,1,2
BRDA:22,1,0,0
BRDA:23,2,0,0
BRDA:23,2,1,0
BRF:5
BRH:2
end_of_record
TN:
SF:..\controllers\eventBoothController.ts
FN:15,(anonymous_7)
FN:18,(anonymous_8)
FN:35,(anonymous_9)
FN:38,(anonymous_10)
FN:47,(anonymous_11)
FN:50,(anonymous_12)
FN:64,(anonymous_13)
FN:67,(anonymous_14)
FN:77,(anonymous_15)
FN:80,(anonymous_16)
FN:90,(anonymous_17)
FN:93,(anonymous_18)
FN:103,(anonymous_19)
FN:106,(anonymous_20)
FN:121,(anonymous_21)
FN:124,(anonymous_22)
FN:147,(anonymous_23)
FN:150,(anonymous_24)
FNF:18
FNH:18
FNDA:1,(anonymous_7)
FNDA:1,(anonymous_8)
FNDA:1,(anonymous_9)
FNDA:1,(anonymous_10)
FNDA:1,(anonymous_11)
FNDA:1,(anonymous_12)
FNDA:1,(anonymous_13)
FNDA:1,(anonymous_14)
FNDA:1,(anonymous_15)
FNDA:1,(anonymous_16)
FNDA:1,(anonymous_17)
FNDA:1,(anonymous_18)
FNDA:1,(anonymous_19)
FNDA:1,(anonymous_20)
FNDA:1,(anonymous_21)
FNDA:1,(anonymous_22)
FNDA:1,(anonymous_23)
FNDA:1,(anonymous_24)
DA:2,3
DA:15,3
DA:18,1
DA:19,1
DA:20,1
DA:21,1
DA:29,1
DA:31,0
DA:35,3
DA:38,1
DA:39,1
DA:40,1
DA:41,1
DA:43,0
DA:47,3
DA:50,1
DA:51,1
DA:52,1
DA:53,1
DA:54,1
DA:55,1
DA:57,0
DA:60,0
DA:64,3
DA:67,1
DA:68,1
DA:69,1
DA:70,1
DA:71,1
DA:73,0
DA:77,3
DA:80,1
DA:81,1
DA:82,1
DA:83,1
DA:84,1
DA:86,0
DA:90,3
DA:93,1
DA:94,1
DA:95,1
DA:96,1
DA:97,1
DA:99,0
DA:103,3
DA:106,1
DA:107,1
DA:108,1
DA:109,1
DA:110,1
DA:111,1
DA:112,1
DA:114,0
DA:117,0
DA:121,3
DA:124,1
DA:125,1
DA:126,1
DA:128,1
DA:129,0
DA:132,1
DA:133,1
DA:137,1
DA:138,1
DA:140,0
DA:143,0
DA:147,3
DA:150,1
DA:151,1
DA:152,1
DA:153,1
DA:154,1
DA:155,1
DA:157,0
DA:160,0
LF:75
LH:61
BRDA:54,0,0,1
BRDA:54,0,1,0
BRDA:111,1,0,1
BRDA:111,1,1,0
BRDA:128,2,0,0
BRDA:137,3,0,1
BRDA:137,3,1,0
BRDA:154,4,0,1
BRDA:154,4,1,0
BRF:9
BRH:4
end_of_record
TN:
SF:..\controllers\eventController.ts
FN:13,(anonymous_7)
FN:13,(anonymous_8)
FN:33,(anonymous_9)
FN:33,(anonymous_10)
FN:42,(anonymous_11)
FN:42,(anonymous_12)
FN:56,(anonymous_13)
FN:59,(anonymous_14)
FN:69,(anonymous_15)
FN:72,(anonymous_16)
FN:82,(anonymous_17)
FN:82,(anonymous_18)
FN:97,(anonymous_19)
FN:97,(anonymous_20)
FNF:14
FNH:12
FNDA:0,(anonymous_7)
FNDA:0,(anonymous_8)
FNDA:1,(anonymous_9)
FNDA:1,(anonymous_10)
FNDA:1,(anonymous_11)
FNDA:1,(anonymous_12)
FNDA:1,(anonymous_13)
FNDA:1,(anonymous_14)
FNDA:1,(anonymous_15)
FNDA:1,(anonymous_16)
FNDA:1,(anonymous_17)
FNDA:1,(anonymous_18)
FNDA:1,(anonymous_19)
FNDA:1,(anonymous_20)
DA:2,2
DA:13,2
DA:14,0
DA:15,0
DA:17,0
DA:18,0
DA:27,0
DA:29,0
DA:33,2
DA:34,1
DA:35,1
DA:36,1
DA:38,0
DA:42,2
DA:43,1
DA:44,1
DA:45,1
DA:46,1
DA:47,1
DA:49,0
DA:52,0
DA:56,2
DA:59,1
DA:60,1
DA:61,1
DA:62,1
DA:63,1
DA:65,0
DA:69,2
DA:72,1
DA:73,1
DA:74,1
DA:75,1
DA:76,1
DA:78,0
DA:82,2
DA:83,1
DA:84,1
DA:85,1
DA:86,1
DA:87,1
DA:88,1
DA:90,0
DA:93,0
DA:97,2
DA:98,1
DA:99,1
DA:100,1
DA:101,0
DA:102,0
DA:104,0
DA:107,1
LF:52
LH:36
BRDA:15,0,0,0
BRDA:15,0,1,0
BRDA:46,1,0,1
BRDA:46,1,1,0
BRDA:87,2,0,1
BRDA:87,2,1,0
BRDA:101,3,0,0
BRDA:101,3,1,0
BRF:8
BRH:2
end_of_record
TN:
SF:..\controllers\requestController.ts
FN:15,(anonymous_7)
FN:15,(anonymous_8)
FN:25,(anonymous_9)
FN:25,(anonymous_10)
FN:34,(anonymous_11)
FN:34,(anonymous_12)
FN:48,(anonymous_13)
FN:51,(anonymous_14)
FN:61,(anonymous_15)
FN:64,(anonymous_16)
FN:74,(anonymous_17)
FN:77,(anonymous_18)
FN:87,(anonymous_19)
FN:87,(anonymous_20)
FN:102,(anonymous_21)
FN:102,(anonymous_22)
FN:116,(anonymous_23)
FN:116,(anonymous_24)
FN:127,(anonymous_25)
FN:127,(anonymous_26)
FNF:20
FNH:0
FNDA:0,(anonymous_7)
FNDA:0,(anonymous_8)
FNDA:0,(anonymous_9)
FNDA:0,(anonymous_10)
FNDA:0,(anonymous_11)
FNDA:0,(anonymous_12)
FNDA:0,(anonymous_13)
FNDA:0,(anonymous_14)
FNDA:0,(anonymous_15)
FNDA:0,(anonymous_16)
FNDA:0,(anonymous_17)
FNDA:0,(anonymous_18)
FNDA:0,(anonymous_19)
FNDA:0,(anonymous_20)
FNDA:0,(anonymous_21)
FNDA:0,(anonymous_22)
FNDA:0,(anonymous_23)
FNDA:0,(anonymous_24)
FNDA:0,(anonymous_25)
FNDA:0,(anonymous_26)
DA:2,2
DA:15,2
DA:16,0
DA:17,0
DA:18,0
DA:19,0
DA:21,0
DA:25,2
DA:26,0
DA:27,0
DA:28,0
DA:30,0
DA:34,2
DA:35,0
DA:36,0
DA:37,0
DA:38,0
DA:39,0
DA:41,0
DA:44,0
DA:48,2
DA:51,0
DA:52,0
DA:53,0
DA:54,0
DA:55,0
DA:57,0
DA:61,2
DA:64,0
DA:65,0
DA:66,0
DA:67,0
DA:68,0
DA:70,0
DA:74,2
DA:77,0
DA:78,0
DA:79,0
DA:80,0
DA:81,0
DA:83,0
DA:87,2
DA:88,0
DA:89,0
DA:90,0
DA:91,0
DA:92,0
DA:93,0
DA:95,0
DA:98,0
DA:102,2
DA:103,0
DA:104,0
DA:105,0
DA:106,0
DA:107,0
DA:109,0
DA:112,0
DA:116,2
DA:117,0
DA:118,0
DA:119,0
DA:120,0
DA:121,0
DA:123,0
DA:127,2
DA:128,0
DA:129,0
DA:130,0
DA:131,0
DA:132,0
DA:134,0
DA:137,0
LF:73
LH:11
BRDA:38,0,0,0
BRDA:38,0,1,0
BRDA:92,1,0,0
BRDA:92,1,1,0
BRDA:106,2,0,0
BRDA:106,2,1,0
BRDA:131,3,0,0
BRDA:131,3,1,0
BRF:8
BRH:0
end_of_record
TN:
SF:..\controllers\userController.ts
FN:13,(anonymous_7)
FN:13,(anonymous_8)
FN:28,(anonymous_9)
FN:28,(anonymous_10)
FN:38,(anonymous_11)
FN:38,(anonymous_12)
FN:43,(anonymous_13)
FN:43,(anonymous_14)
FN:49,(anonymous_15)
FN:49,(anonymous_16)
FNF:10
FNH:8
FNDA:2,(anonymous_7)
FNDA:2,(anonymous_8)
FNDA:1,(anonymous_9)
FNDA:1,(anonymous_10)
FNDA:1,(anonymous_11)
FNDA:1,(anonymous_12)
FNDA:1,(anonymous_13)
FNDA:1,(anonymous_14)
FNDA:0,(anonymous_15)
FNDA:0,(anonymous_16)
DA:4,2
DA:13,2
DA:14,2
DA:16,2
DA:17,2
DA:18,2
DA:19,1
DA:21,1
DA:24,0
DA:28,2
DA:29,1
DA:30,1
DA:31,1
DA:32,0
DA:34,1
DA:38,2
DA:39,1
DA:40,1
DA:43,2
DA:44,1
DA:45,1
DA:46,1
DA:49,2
DA:50,0
DA:51,0
DA:52,0
LF:26
LH:21
BRDA:18,0,0,1
BRDA:18,0,1,1
BRF:2
BRH:2
end_of_record
TN:
SF:..\middlewares\upload.ts
FN:6,(anonymous_1)
FN:11,(anonymous_2)
FNF:2
FNH:0
FNDA:0,(anonymous_1)
FNDA:0,(anonymous_2)
DA:1,2
DA:2,2
DA:3,2
DA:5,2
DA:7,0
DA:8,0
DA:9,0
DA:12,0
DA:16,2
DA:18,2
LF:10
LH:6
BRF:0
BRH:0
end_of_record
TN:
SF:..\routes\eventBoothRoutes.ts
FNF:0
FNH:0
DA:1,2
DA:2,2
DA:14,2
DA:16,2
DA:17,2
DA:18,2
DA:19,2
DA:20,2
DA:21,2
DA:22,2
DA:23,2
DA:24,2
DA:26,2
LF:13
LH:13
BRF:0
BRH:0
end_of_record
TN:
SF:..\routes\eventRoutes.ts
FNF:0
FNH:0
DA:1,2
DA:2,2
DA:11,2
DA:13,2
DA:15,2
DA:16,2
DA:17,2
DA:18,2
DA:19,2
DA:20,2
DA:21,2
DA:23,2
LF:12
LH:12
BRF:0
BRH:0
end_of_record
TN:
SF:..\routes\requestRoutes.ts
FNF:0
FNH:0
DA:1,2
DA:2,2
DA:15,2
DA:17,2
DA:18,2
DA:19,2
DA:20,2
DA:21,2
DA:22,2
DA:23,2
DA:24,2
DA:25,2
DA:26,2
DA:28,2
LF:14
LH:14
BRF:0
BRH:0
end_of_record
TN:
SF:..\routes\userRoutes.ts
FNF:0
FNH:0
DA:1,2
DA:2,2
DA:10,2
DA:13,2
DA:16,2
DA:19,2
DA:22,2
DA:25,2
DA:27,2
LF:9
LH:9
BRF:0
BRH:0
end_of_record
TN:
SF:..\services\eventBoothService.ts
FN:6,(anonymous_7)
FN:13,(anonymous_8)
FN:29,(anonymous_9)
FN:29,(anonymous_10)
FN:41,(anonymous_11)
FN:47,(anonymous_12)
FN:49,(anonymous_13)
FN:67,(anonymous_14)
FN:69,(anonymous_15)
FN:82,(anonymous_16)
FN:88,(anonymous_17)
FN:90,(anonymous_18)
FN:112,(anonymous_19)
FN:118,(anonymous_20)
FN:120,(anonymous_21)
FN:142,(anonymous_22)
FN:148,(anonymous_23)
FN:151,(anonymous_24)
FN:170,(anonymous_25)
FN:173,(anonymous_26)
FN:193,(anonymous_27)
FN:195,(anonymous_28)
FNF:22
FNH:0
FNDA:0,(anonymous_7)
FNDA:0,(anonymous_8)
FNDA:0,(anonymous_9)
FNDA:0,(anonymous_10)
FNDA:0,(anonymous_11)
FNDA:0,(anonymous_12)
FNDA:0,(anonymous_13)
FNDA:0,(anonymous_14)
FNDA:0,(anonymous_15)
FNDA:0,(anonymous_16)
FNDA:0,(anonymous_17)
FNDA:0,(anonymous_18)
FNDA:0,(anonymous_19)
FNDA:0,(anonymous_20)
FNDA:0,(anonymous_21)
FNDA:0,(anonymous_22)
FNDA:0,(anonymous_23)
FNDA:0,(anonymous_24)
FNDA:0,(anonymous_25)
FNDA:0,(anonymous_26)
FNDA:0,(anonymous_27)
FNDA:0,(anonymous_28)
DA:1,3
DA:4,3
DA:6,3
DA:13,0
DA:14,0
DA:26,0
DA:29,3
DA:30,0
DA:41,0
DA:47,3
DA:49,0
DA:50,0
DA:62,0
DA:67,3
DA:69,0
DA:70,0
DA:82,0
DA:88,3
DA:90,0
DA:99,0
DA:112,0
DA:118,3
DA:120,0
DA:129,0
DA:142,0
DA:148,3
DA:151,0
DA:152,0
DA:165,0
DA:170,3
DA:173,0
DA:174,0
DA:190,0
DA:193,3
DA:195,0
DA:196,0
DA:208,0
LF:37
LH:11
BRDA:62,0,0,0
BRDA:62,0,1,0
BRDA:165,1,0,0
BRDA:165,1,1,0
BRDA:190,2,0,0
BRDA:190,2,1,0
BRDA:208,3,0,0
BRDA:208,3,1,0
BRF:8
BRH:0
end_of_record
TN:
SF:..\services\eventService.ts
FN:6,(anonymous_7)
FN:14,(anonymous_8)
FN:37,(anonymous_9)
FN:37,(anonymous_10)
FN:51,(anonymous_11)
FN:51,(anonymous_12)
FN:64,(anonymous_13)
FN:64,(anonymous_14)
FN:90,(anonymous_15)
FN:92,(anonymous_16)
FN:107,(anonymous_17)
FN:107,(anonymous_18)
FN:120,(anonymous_19)
FN:122,(anonymous_20)
FN:143,(anonymous_21)
FN:143,(anonymous_22)
FN:156,(anonymous_23)
FN:159,(anonymous_24)
FN:183,(anonymous_25)
FN:183,(anonymous_26)
FNF:20
FNH:16
FNDA:0,(anonymous_7)
FNDA:0,(anonymous_8)
FNDA:1,(anonymous_9)
FNDA:1,(anonymous_10)
FNDA:3,(anonymous_11)
FNDA:3,(anonymous_12)
FNDA:1,(anonymous_13)
FNDA:1,(anonymous_14)
FNDA:1,(anonymous_15)
FNDA:1,(anonymous_16)
FNDA:1,(anonymous_17)
FNDA:1,(anonymous_18)
FNDA:1,(anonymous_19)
FNDA:1,(anonymous_20)
FNDA:0,(anonymous_21)
FNDA:0,(anonymous_22)
FNDA:1,(anonymous_23)
FNDA:1,(anonymous_24)
FNDA:1,(anonymous_25)
FNDA:1,(anonymous_26)
DA:1,2
DA:4,2
DA:6,2
DA:14,0
DA:15,0
DA:28,0
DA:34,0
DA:37,2
DA:38,1
DA:50,1
DA:51,3
DA:52,3
DA:58,3
DA:61,1
DA:64,2
DA:65,1
DA:78,1
DA:79,0
DA:81,1
DA:87,1
DA:90,2
DA:92,1
DA:93,1
DA:106,1
DA:107,1
DA:108,1
DA:114,1
DA:117,1
DA:120,2
DA:122,1
DA:123,1
DA:142,1
DA:143,0
DA:144,0
DA:150,0
DA:153,1
DA:156,2
DA:159,1
DA:160,1
DA:174,1
DA:180,1
DA:183,2
DA:184,1
DA:197,0
DA:203,0
LF:45
LH:35
BRDA:78,0,0,0
BRF:1
BRH:0
end_of_record
TN:
SF:..\services\requestService.ts
FN:6,(anonymous_7)
FN:10,(anonymous_8)
FN:23,(anonymous_9)
FN:23,(anonymous_10)
FN:32,(anonymous_11)
FN:38,(anonymous_12)
FN:40,(anonymous_13)
FN:55,(anonymous_14)
FN:57,(anonymous_15)
FN:67,(anonymous_16)
FN:73,(anonymous_17)
FN:75,(anonymous_18)
FN:87,(anonymous_19)
FN:102,(anonymous_20)
FN:104,(anonymous_21)
FN:123,(anonymous_22)
FN:138,(anonymous_23)
FN:141,(anonymous_24)
FN:157,(anonymous_25)
FN:159,(anonymous_26)
FN:186,(anonymous_27)
FN:188,(anonymous_28)
FN:204,(anonymous_29)
FN:206,(anonymous_30)
FNF:24
FNH:0
FNDA:0,(anonymous_7)
FNDA:0,(anonymous_8)
FNDA:0,(anonymous_9)
FNDA:0,(anonymous_10)
FNDA:0,(anonymous_11)
FNDA:0,(anonymous_12)
FNDA:0,(anonymous_13)
FNDA:0,(anonymous_14)
FNDA:0,(anonymous_15)
FNDA:0,(anonymous_16)
FNDA:0,(anonymous_17)
FNDA:0,(anonymous_18)
FNDA:0,(anonymous_19)
FNDA:0,(anonymous_20)
FNDA:0,(anonymous_21)
FNDA:0,(anonymous_22)
FNDA:0,(anonymous_23)
FNDA:0,(anonymous_24)
FNDA:0,(anonymous_25)
FNDA:0,(anonymous_26)
FNDA:0,(anonymous_27)
FNDA:0,(anonymous_28)
FNDA:0,(anonymous_29)
FNDA:0,(anonymous_30)
DA:1,2
DA:4,2
DA:6,2
DA:10,0
DA:11,0
DA:20,0
DA:23,2
DA:24,0
DA:32,0
DA:38,2
DA:40,0
DA:41,0
DA:50,0
DA:55,2
DA:57,0
DA:58,0
DA:67,0
DA:73,2
DA:75,0
DA:76,0
DA:87,0
DA:102,2
DA:104,0
DA:105,0
DA:123,0
DA:138,2
DA:141,0
DA:142,0
DA:152,0
DA:157,2
DA:159,0
DA:160,0
DA:171,0
DA:172,0
DA:181,0
DA:186,2
DA:188,0
DA:189,0
DA:199,0
DA:204,2
DA:206,0
DA:207,0
DA:216,0
LF:43
LH:12
BRDA:50,0,0,0
BRDA:50,0,1,0
BRDA:152,1,0,0
BRDA:152,1,1,0
BRDA:171,2,0,0
BRDA:181,3,0,0
BRDA:181,3,1,0
BRDA:199,4,0,0
BRDA:199,4,1,0
BRDA:216,5,0,0
BRDA:216,5,1,0
BRF:11
BRH:0
end_of_record
TN:
SF:..\services\userService.ts
FN:6,(anonymous_7)
FN:9,(anonymous_8)
FN:25,(anonymous_9)
FN:29,(anonymous_10)
FN:40,(anonymous_11)
FN:40,(anonymous_12)
FN:50,(anonymous_13)
FN:50,(anonymous_14)
FN:61,(anonymous_15)
FN:63,(anonymous_16)
FNF:10
FNH:8
FNDA:2,(anonymous_7)
FNDA:2,(anonymous_8)
FNDA:1,(anonymous_9)
FNDA:1,(anonymous_10)
FNDA:1,(anonymous_11)
FNDA:1,(anonymous_12)
FNDA:1,(anonymous_13)
FNDA:1,(anonymous_14)
FNDA:0,(anonymous_15)
FNDA:0,(anonymous_16)
DA:1,2
DA:4,2
DA:6,2
DA:9,2
DA:10,2
DA:14,2
DA:15,1
DA:22,1
DA:25,2
DA:29,1
DA:30,1
DA:40,2
DA:41,1
DA:50,2
DA:51,1
DA:61,2
DA:63,0
DA:64,0
LF:18
LH:16
BRDA:14,0,0,1
BRDA:14,1,0,2
BRDA:14,1,1,2
BRF:3
BRH:3
end_of_record
